#
# A fatal error has been detected by the Java Runtime Environment:
#
#  SIGBUS (0xa) at pc=0x0000000109e154f0, pid=55773, tid=30475
#
# JRE version: Java(TM) SE Runtime Environment (17.0.4+11) (build 17.0.4+11-LTS-179)
# Java VM: Java HotSpot(TM) 64-Bit Server VM (17.0.4+11-LTS-179, mixed mode, sharing, tiered, compressed oops, compressed class ptrs, g1 gc, bsd-aarch64)
# Problematic frame:
# v  ~StubRoutines::SafeFetchN
#
# No core dump will be written. Core dumps have been disabled. To enable core dumping, try "ulimit -c unlimited" before starting Java again
#
# If you would like to submit a bug report, please visit:
#   https://bugreport.java.com/bugreport/crash.jsp
# The crash happened outside the Java Virtual Machine in native code.
# See problematic frame for where to report the bug.
#

---------------  S U M M A R Y ------------

Command Line: -javaagent:/Applications/IntelliJ IDEA CE.app/Contents/lib/idea_rt.jar=63150:/Applications/IntelliJ IDEA CE.app/Contents/bin -Dfile.encoding=UTF-8 --module-path=/Users/main/.m2/repository/org/openjfx/javafx-controls/17.0.1/javafx-controls-17.0.1-mac-aarch64.jar:/Users/main/.m2/repository/org/openjfx/javafx-graphics/17.0.1/javafx-graphics-17.0.1-mac-aarch64.jar:/Users/main/.m2/repository/org/openjfx/javafx-fxml/17.0.1/javafx-fxml-17.0.1-mac-aarch64.jar:/Users/main/Desktop/college-stuff/appointmentmanager/target/classes:/Users/main/.m2/repository/org/openjfx/javafx-base/17.0.1/javafx-base-17.0.1-mac-aarch64.jar -Djdk.module.main=com.darrenfinch.appointmentmanager com.darrenfinch.appointmentmanager/com.darrenfinch.appointmentmanager.Application

Host: "MacBookAir10,1" arm64 1 MHz, 8 cores, 16G, Darwin 21.5.0, macOS 12.4 (21F79)
Time: Fri Aug 19 06:41:18 2022 CDT elapsed time: 6.309947 seconds (0d 0h 0m 6s)

---------------  T H R E A D  ---------------

Current thread (0x00000001551c0600):  JavaThread "InvokeLaterDispatcher" daemon [_thread_in_native, id=30475, stack(0x0000000172500000,0x0000000172703000)]

Stack: [0x0000000172500000,0x0000000172703000],  sp=0x00000001727027b0,  free space=2057k
Native frames: (J=compiled Java code, j=interpreted, Vv=VM code, C=native code)
v  ~StubRoutines::SafeFetchN
V  [libjvm.dylib+0x7a72c0]  _ZN10OopStorage7releaseEPKP7oopDesc+0x20
V  [libjvm.dylib+0x4bb8e4]  jni_DeleteGlobalRef+0xc4
C  [libglass.dylib+0xab08]  -[GlassRunnable dealloc]+0x34
C  [Foundation+0x85318]  -[_NSThreadPerformInfo dealloc]+0x30
C  [Foundation+0x518ac]  -[NSObject(NSThreadPerformAdditions) performSelectorOnMainThread:withObject:waitUntilDone:]+0x88
C  0x046c000109e1d8ac
j  com.sun.glass.ui.mac.MacApplication.submitForLaterInvocation(Ljava/lang/Runnable;)V+2 javafx.graphics
j  com.sun.glass.ui.InvokeLaterDispatcher.run()V+82 javafx.graphics
v  ~StubRoutines::call_stub
V  [libjvm.dylib+0x462ef8]  _ZN9JavaCalls11call_helperEP9JavaValueRK12methodHandleP17JavaCallArgumentsP10JavaThread+0x38c
V  [libjvm.dylib+0x461f14]  _ZN9JavaCalls12call_virtualEP9JavaValueP5KlassP6SymbolS5_P17JavaCallArgumentsP10JavaThread+0x11c
V  [libjvm.dylib+0x461fe0]  _ZN9JavaCalls12call_virtualEP9JavaValue6HandleP5KlassP6SymbolS6_P10JavaThread+0x64
V  [libjvm.dylib+0x5158a4]  _ZL12thread_entryP10JavaThreadS0_+0xc4
V  [libjvm.dylib+0x908030]  _ZN10JavaThread17thread_main_innerEv+0x134
V  [libjvm.dylib+0x906958]  _ZN6Thread8call_runEv+0x128
V  [libjvm.dylib+0x7ade80]  _ZL19thread_native_entryP6Thread+0x158
C  [libsystem_pthread.dylib+0x726c]  _pthread_start+0x94

Java frames: (J=compiled Java code, j=interpreted, Vv=VM code)
j  com.sun.glass.ui.mac.MacApplication._submitForLaterInvocation(Ljava/lang/Runnable;)V+0 javafx.graphics
j  com.sun.glass.ui.mac.MacApplication.submitForLaterInvocation(Ljava/lang/Runnable;)V+2 javafx.graphics
j  com.sun.glass.ui.InvokeLaterDispatcher.run()V+82 javafx.graphics
v  ~StubRoutines::call_stub

siginfo: si_signo: 10 (SIGBUS), si_code: 1 (BUS_ADRALN), si_addr: 0x0000000109e154f0

Register to memory mapping:

 x0=0x00000001546089c8 points into unknown readable memory: 0x0000000000000000 | 00 00 00 00 00 00 00 00
 x1=0x0 is NULL
 x2=0x000000070df63390 is an oop: com.sun.glass.ui.InvokeLaterDispatcher$Future 
{0x000000070df63390} - klass: 'com/sun/glass/ui/InvokeLaterDispatcher$Future'
 - ---- fields (total size 3 words):
 - private 'done' 'Z' @12  true
 - private final 'runnable' 'Ljava/lang/Runnable;' @16  a 'com/sun/javafx/application/PlatformImpl$$Lambda$92+0x0000000800c81f50'{0x000000070d7b34b8} (e1af6697)
 - final synthetic 'this$0' 'Lcom/sun/glass/ui/InvokeLaterDispatcher;' @20  a 'com/sun/glass/ui/InvokeLaterDispatcher'{0x000000070e80ac18} (e1d01583)
 x3=0x0 is NULL
 x4=0x00000000000130a8 is an unknown value
 x5=0x0 is NULL
 x6=0x0 is NULL
 x7=0x0 is NULL
 x8=0x0000000109e154ec is at begin+0 in a stub
StubRoutines::SafeFetchN [0x0000000109e154ec, 0x0000000109e154f8] (12 bytes)
 x9=0x0 is NULL
x10=0x2010000030300000 is an unknown value
x11=0x0000000000000007 is an unknown value
x12=0x0 is NULL
x13=0x0000600000257ef0 points into unknown readable memory: 0x0000003b72656e65 | 65 6e 65 72 3b 00 00 00
x14=0x00000b0000000000 is an unknown value
x15=0x0000000101485f98: OBJC_CLASS_$_GlassRunnable+0 in /Users/main/.openjfx/cache/17.0.1/libglass.dylib at 0x0000000101440000
x16=0x00000001a3f830fc: pthread_getspecific+0 in /usr/lib/system/libsystem_pthread.dylib at 0x00000001a3f81000
x17=0x0000600000774310 points into unknown readable memory: 0xfffffffffffffffe | fe ff ff ff ff ff ff ff
x18=0x0 is NULL
x19=0x0000600000778850 points into unknown readable memory: 0x0000600002e74370 | 70 43 e7 02 00 60 00 00
x20=0x00000001546087c0 points into unknown readable memory: 0x0000000000000000 | 00 00 00 00 00 00 00 00
x21=0x00000001546089c8 points into unknown readable memory: 0x0000000000000000 | 00 00 00 00 00 00 00 00
x22=0x00000001551c0600 is a thread
x23=0x0000000000000001 is an unknown value
x24=0x0000000154608980 is a global jni handle
x25=0x00000001022c5638: _ZN12StubRoutines17_safefetchN_entryE+0 in /Library/Java/JavaVirtualMachines/jdk-17.0.4.jdk/Contents/Home/lib/server/libjvm.dylib at 0x0000000101728000
x26=0x0000000124518318 is pointing into metadata
x27=0x0 is NULL
x28=0x00000001551c0600 is a thread


Registers:
 x0=0x00000001546089c8  x1=0x0000000000000000  x2=0x000000070df63390  x3=0x0000000000000000
 x4=0x00000000000130a8  x5=0x0000000000000000  x6=0x0000000000000000  x7=0x0000000000000000
 x8=0x0000000109e154ec  x9=0x0000000000000000 x10=0x2010000030300000 x11=0x0000000000000007
x12=0x0000000000000000 x13=0x0000600000257ef0 x14=0x00000b0000000000 x15=0x0000000101485f98
x16=0x00000001a3f830fc x17=0x0000600000774310 x18=0x0000000000000000 x19=0x0000600000778850
x20=0x00000001546087c0 x21=0x00000001546089c8 x22=0x00000001551c0600 x23=0x0000000000000001
x24=0x0000000154608980 x25=0x00000001022c5638 x26=0x0000000124518318 x27=0x0000000000000000
x28=0x00000001551c0600  fp=0x00000001727027f0  lr=0x0000000101ece090  sp=0x00000001727027b0
pc=0x0000000109e154f0 cpsr=0x0000000060001000
Top of Stack: (sp=0x00000001727027b0)
0x00000001727027b0:   0000000124518318 0000000000000001
0x00000001727027c0:   00000001727029a8 0000600002e69b30
0x00000001727027d0:   0000000000000000 0000000154608990
0x00000001727027e0:   0000000154608990 0000600000778850
0x00000001727027f0:   0000000172702830 0000000101ecf2c0
0x0000000172702800:   0000000000000001 0000000154608990
0x0000000172702810:   0000000000000000 0000000154608990
0x0000000172702820:   0000000000000001 00000001551c0c00
0x0000000172702830:   0000000172702860 0000000101be38e4
0x0000000172702840:   0000600002e69b40 00000001ee24130c
0x0000000172702850:   0000000000000000 0000600002e69b40
0x0000000172702860:   0000000172702890 000000010144ab08
0x0000000172702870:   eed67794ed360092 0000000000000000
0x0000000172702880:   0000000000000000 0000600003942b80
0x0000000172702890:   00000001727028d0 00000001a4f58318
0x00000001727028a0:   00000001727029a8 0000600002e69b30
0x00000001727028b0:   0000600002e69b40 eed67794ed360092
0x00000001727028c0:   0000000000000000 0000000000000000
0x00000001727028d0:   0000000172702910 c1258001a4f248ac
0x00000001727028e0:   00000001727029a8 0000000109e1c7c0
0x00000001727028f0:   0000000000000000 00000001022ccff8
0x0000000172702900:   0000000172702920 0000000109e1b730
0x0000000172702910:   0000000172702980 046c000109e1d8ac
0x0000000172702920:   0000000172702988 00000001241bb950
0x0000000172702930:   0000000172702930 0000000000000000
0x0000000172702940:   00000001727029a8 0000000124518318
0x0000000172702950:   000000070e81c068 0000000000000000
0x0000000172702960:   0000000000000000 00000001244f7138
0x0000000172702970:   0000000000000000 0000000172702980
0x0000000172702980:   0000000172702a00 0000000109e19fc8
0x0000000172702990:   0000000000000000 0000000000000000
0x00000001727029a0:   000000070df63390 000000070e81c0e0 

Instructions: (pc=0x0000000109e154f0)
0x0000000109e153f0:   f2a04529 f2c00029 6d425935 1e640886
0x0000000109e15400:   0c402d31 1e6408c7 1f5654d0 1e6c1017
0x0000000109e15410:   1f5050d0 1f504cd0 1f5048d0 1e650af6
0x0000000109e15420:   1f50d8f6 1f5694d6 1f5158f6 1e762880
0x0000000109e15430:   36000501 1e614000 14000026 2e251ca5
0x0000000109e15440:   d2843009 f2a04529 f2c00029 6d425d36
0x0000000109e15450:   1e600806 0c402d32 1f5758c7 1e6c101a
0x0000000109e15460:   1f4754c7 1e650805 1f4750c7 d2866668
0x0000000109e15470:   f2a7fa68 1f474cc7 1e6608c0 1f4748c7
0x0000000109e15480:   1e6e1019 eb08007f 540000ac 1f479400
0x0000000109e15490:   1f460340 1e603b20 1400000e d2a7fd29
0x0000000109e154a0:   eb09007f 540000ac 51480069 d3607d29
0x0000000109e154b0:   9e670121 14000002 1e6a5001 1f679417
0x0000000109e154c0:   1f668742 1e613b23 1e773857 1e773860
0x0000000109e154d0:   a8c17ff3 910003bf a8c17bfd d65f03c0
0x0000000109e154e0:   b9400001 aa0103e0 d65f03c0 f9400001
0x0000000109e154f0:   aa0103e0 d65f03c0 00000000 00000000
0x0000000109e15500:   00000000 00000000 00000000 00000000
0x0000000109e15510:   00000000 00000000 00000000 00000000
0x0000000109e15520:   00000000 00000000 00000000 00000000
0x0000000109e15530:   00000000 00000000 00000000 00000000
0x0000000109e15540:   00000000 00000000 00000000 00000000
0x0000000109e15550:   00000000 00000000 00000000 00000000
0x0000000109e15560:   00000000 00000000 00000000 00000000
0x0000000109e15570:   00000000 00000000 00000000 00000000
0x0000000109e15580:   00000000 00000000 00000000 00000000
0x0000000109e15590:   00000000 00000000 00000000 00000000
0x0000000109e155a0:   00000000 00000000 00000000 00000000
0x0000000109e155b0:   00000000 00000000 00000000 00000000
0x0000000109e155c0:   00000000 00000000 00000000 00000000
0x0000000109e155d0:   00000000 00000000 00000000 00000000
0x0000000109e155e0:   00000000 00000000 00000000 00000000 


Stack slot to memory mapping:
stack at sp + 0 slots: 0x0000000124518318 is pointing into metadata
stack at sp + 1 slots: 0x0000000000000001 is an unknown value
stack at sp + 2 slots: 0x00000001727029a8 is pointing into the stack for thread: 0x00000001551c0600
stack at sp + 3 slots: 0x0000600002e69b30 points into unknown readable memory: 0x01000001fc952031 | 31 20 95 fc 01 00 00 01
stack at sp + 4 slots: 0x0 is NULL
stack at sp + 5 slots: 0x0000000154608990 is a global jni handle
stack at sp + 6 slots: 0x0000000154608990 is a global jni handle
stack at sp + 7 slots: 0x0000600000778850 points into unknown readable memory: 0x0000600002e74370 | 70 43 e7 02 00 60 00 00

StubRoutines::SafeFetchN [0x0000000109e154ec, 0x0000000109e154f8] (12 bytes)
[MachCode]
  0x0000000109e154ec: 0100 40f9 | e003 01aa | c003 5fd6 
[/MachCode]

---------------  P R O C E S S  ---------------

Threads class SMR info:
_java_thread_list=0x0000600002c9bcc0, length=20, elements={
0x0000000154812200, 0x0000000134808200, 0x000000013480aa00, 0x0000000154848600,
0x000000015480da00, 0x000000015480e000, 0x000000015480e600, 0x000000015480ec00,
0x000000015480f200, 0x00000001550cba00, 0x000000015484a400, 0x000000013501ae00,
0x0000000154812800, 0x00000001551c0600, 0x00000001551c0c00, 0x00000001551f9800,
0x0000000135904a00, 0x0000000135d66000, 0x000000015536c200, 0x00000001550d8800
}

Java Threads: ( => current thread )
  0x0000000154812200 JavaThread "main" [_thread_blocked, id=9731, stack(0x000000016faf8000,0x000000016fcfb000)]
  0x0000000134808200 JavaThread "Reference Handler" daemon [_thread_blocked, id=15107, stack(0x000000017094c000,0x0000000170b4f000)]
  0x000000013480aa00 JavaThread "Finalizer" daemon [_thread_blocked, id=15363, stack(0x0000000170b58000,0x0000000170d5b000)]
  0x0000000154848600 JavaThread "Signal Dispatcher" daemon [_thread_blocked, id=42755, stack(0x0000000170e7c000,0x000000017107f000)]
  0x000000015480da00 JavaThread "Service Thread" daemon [_thread_blocked, id=23299, stack(0x0000000171088000,0x000000017128b000)]
  0x000000015480e000 JavaThread "Monitor Deflation Thread" daemon [_thread_blocked, id=42243, stack(0x0000000171294000,0x0000000171497000)]
  0x000000015480e600 JavaThread "C2 CompilerThread0" daemon [_thread_blocked, id=23811, stack(0x00000001714a0000,0x00000001716a3000)]
  0x000000015480ec00 JavaThread "C1 CompilerThread0" daemon [_thread_blocked, id=41731, stack(0x00000001716ac000,0x00000001718af000)]
  0x000000015480f200 JavaThread "Sweeper thread" daemon [_thread_blocked, id=41475, stack(0x00000001718b8000,0x0000000171abb000)]
  0x00000001550cba00 JavaThread "Common-Cleaner" daemon [_thread_blocked, id=40963, stack(0x0000000171ac4000,0x0000000171cc7000)]
  0x000000015484a400 JavaThread "Monitor Ctrl-Break" daemon [_thread_in_native, id=24579, stack(0x0000000171cd0000,0x0000000171ed3000)]
  0x000000013501ae00 JavaThread "Notification Thread" daemon [_thread_blocked, id=40195, stack(0x0000000171edc000,0x00000001720df000)]
  0x0000000154812800 JavaThread "QuantumRenderer-0" daemon [_thread_blocked, id=25091, stack(0x00000001722f4000,0x00000001724f7000)]
=>0x00000001551c0600 JavaThread "InvokeLaterDispatcher" daemon [_thread_in_native, id=30475, stack(0x0000000172500000,0x0000000172703000)]
  0x00000001551c0c00 JavaThread "JavaFX Application Thread" [_thread_in_native, id=259, stack(0x000000016f270000,0x000000016fa6c000)]
  0x00000001551f9800 JavaThread "JavaFX-Launcher" [_thread_blocked, id=55043, stack(0x0000000172a30000,0x0000000172c33000)]
  0x0000000135904a00 JavaThread "Prism Font Disposer" daemon [_thread_blocked, id=72203, stack(0x0000000288004000,0x0000000288207000)]
  0x0000000135d66000 JavaThread "Attach Listener" daemon [_thread_blocked, id=73999, stack(0x0000000288210000,0x0000000288413000)]
  0x000000015536c200 JavaThread "Cleaner-0" daemon [_thread_blocked, id=63243, stack(0x000000028841c000,0x000000028861f000)]
  0x00000001550d8800 JavaThread "PulseTimer-CVDisplayLink thread" daemon [_thread_in_native, id=78191, stack(0x000000017270c000,0x000000017278f000)]

Other Threads:
  0x00000001447047a0 VMThread "VM Thread" [stack: 0x0000000170740000,0x0000000170943000] [id=14595]
  0x000000015591c570 WatcherThread [stack: 0x00000001720e8000,0x00000001722eb000] [id=39683]
  0x0000000154607900 GCTaskThread "GC Thread#0" [stack: 0x000000016fd04000,0x000000016ff07000] [id=12291]
  0x0000000154731cd0 GCTaskThread "GC Thread#1" [stack: 0x0000000172c3c000,0x0000000172e3f000] [id=75779]
  0x0000000154732150 GCTaskThread "GC Thread#2" [stack: 0x0000000172e48000,0x000000017304b000] [id=55555]
  0x00000001547325d0 GCTaskThread "GC Thread#3" [stack: 0x0000000173054000,0x0000000173257000] [id=75267]
  0x0000000154732a50 GCTaskThread "GC Thread#4" [stack: 0x0000000173260000,0x0000000173463000] [id=74755]
  0x0000000154732ed0 GCTaskThread "GC Thread#5" [stack: 0x000000017346c000,0x000000017366f000] [id=56067]
  0x0000000154607fb0 ConcurrentGCThread "G1 Main Marker" [stack: 0x000000016ff10000,0x0000000170113000] [id=19459]
  0x00000001547050a0 ConcurrentGCThread "G1 Conc#0" [stack: 0x000000017011c000,0x000000017031f000] [id=12547]
  0x0000000154706f10 ConcurrentGCThread "G1 Refine#0" [stack: 0x0000000170328000,0x000000017052b000] [id=18179]
  0x00000001547077b0 ConcurrentGCThread "G1 Service" [stack: 0x0000000170534000,0x0000000170737000] [id=17923]

Threads with active compile tasks:

VM state: not at safepoint (normal execution)

VM Mutex/Monitor currently owned by a thread: None

Heap address: 0x0000000700000000, size: 4096 MB, Compressed Oops mode: Zero based, Oop shift amount: 3

CDS archive(s) mapped at: [0x0000000800000000-0x0000000800bd8000-0x0000000800bd8000), size 12419072, SharedBaseAddress: 0x0000000800000000, ArchiveRelocationMode: 0.
Compressed class space mapped at: 0x0000000800c00000-0x0000000840c00000, reserved size: 1073741824
Narrow klass base: 0x0000000800000000, Narrow klass shift: 0, Narrow klass range: 0x100000000

GC Precious Log:
 CPUs: 8 total, 8 available
 Memory: 16384M
 Large Page Support: Disabled
 NUMA Support: Disabled
 Compressed Oops: Enabled (Zero based)
 Heap Region Size: 2M
 Heap Min Capacity: 8M
 Heap Initial Capacity: 256M
 Heap Max Capacity: 4G
 Pre-touch: Disabled
 Parallel Workers: 8
 Concurrent Workers: 2
 Concurrent Refinement Workers: 8
 Periodic GC: Disabled

Heap:
 garbage-first heap   total 266240K, used 45813K [0x0000000700000000, 0x0000000800000000)
  region size 2048K, 22 young (45056K), 2 survivors (4096K)
 Metaspace       used 15795K, committed 16000K, reserved 1064960K
  class space    used 2265K, committed 2368K, reserved 1048576K

Heap Regions: E=young(eden), S=young(survivor), O=old, HS=humongous(starts), HC=humongous(continues), CS=collection set, F=free, OA=open archive, CA=closed archive, TAMS=top-at-mark-start (previous, next)
|   0|0x0000000700000000, 0x0000000700200000, 0x0000000700200000|100%|HS|  |TAMS 0x0000000700000000, 0x0000000700000000| Complete 
|   1|0x0000000700200000, 0x0000000700200000, 0x0000000700400000|  0%| F|  |TAMS 0x0000000700200000, 0x0000000700200000| Untracked 
|   2|0x0000000700400000, 0x0000000700400000, 0x0000000700600000|  0%| F|  |TAMS 0x0000000700400000, 0x0000000700400000| Untracked 
|   3|0x0000000700600000, 0x0000000700600000, 0x0000000700800000|  0%| F|  |TAMS 0x0000000700600000, 0x0000000700600000| Untracked 
|   4|0x0000000700800000, 0x0000000700800000, 0x0000000700a00000|  0%| F|  |TAMS 0x0000000700800000, 0x0000000700800000| Untracked 
|   5|0x0000000700a00000, 0x0000000700a00000, 0x0000000700c00000|  0%| F|  |TAMS 0x0000000700a00000, 0x0000000700a00000| Untracked 
|   6|0x0000000700c00000, 0x0000000700c00000, 0x0000000700e00000|  0%| F|  |TAMS 0x0000000700c00000, 0x0000000700c00000| Untracked 
|   7|0x0000000700e00000, 0x0000000700e00000, 0x0000000701000000|  0%| F|  |TAMS 0x0000000700e00000, 0x0000000700e00000| Untracked 
|   8|0x0000000701000000, 0x0000000701000000, 0x0000000701200000|  0%| F|  |TAMS 0x0000000701000000, 0x0000000701000000| Untracked 
|   9|0x0000000701200000, 0x0000000701200000, 0x0000000701400000|  0%| F|  |TAMS 0x0000000701200000, 0x0000000701200000| Untracked 
|  10|0x0000000701400000, 0x0000000701400000, 0x0000000701600000|  0%| F|  |TAMS 0x0000000701400000, 0x0000000701400000| Untracked 
|  11|0x0000000701600000, 0x0000000701600000, 0x0000000701800000|  0%| F|  |TAMS 0x0000000701600000, 0x0000000701600000| Untracked 
|  12|0x0000000701800000, 0x0000000701800000, 0x0000000701a00000|  0%| F|  |TAMS 0x0000000701800000, 0x0000000701800000| Untracked 
|  13|0x0000000701a00000, 0x0000000701a00000, 0x0000000701c00000|  0%| F|  |TAMS 0x0000000701a00000, 0x0000000701a00000| Untracked 
|  14|0x0000000701c00000, 0x0000000701c00000, 0x0000000701e00000|  0%| F|  |TAMS 0x0000000701c00000, 0x0000000701c00000| Untracked 
|  15|0x0000000701e00000, 0x0000000701e00000, 0x0000000702000000|  0%| F|  |TAMS 0x0000000701e00000, 0x0000000701e00000| Untracked 
|  16|0x0000000702000000, 0x0000000702000000, 0x0000000702200000|  0%| F|  |TAMS 0x0000000702000000, 0x0000000702000000| Untracked 
|  17|0x0000000702200000, 0x0000000702200000, 0x0000000702400000|  0%| F|  |TAMS 0x0000000702200000, 0x0000000702200000| Untracked 
|  18|0x0000000702400000, 0x0000000702400000, 0x0000000702600000|  0%| F|  |TAMS 0x0000000702400000, 0x0000000702400000| Untracked 
|  19|0x0000000702600000, 0x0000000702600000, 0x0000000702800000|  0%| F|  |TAMS 0x0000000702600000, 0x0000000702600000| Untracked 
|  20|0x0000000702800000, 0x0000000702800000, 0x0000000702a00000|  0%| F|  |TAMS 0x0000000702800000, 0x0000000702800000| Untracked 
|  21|0x0000000702a00000, 0x0000000702a00000, 0x0000000702c00000|  0%| F|  |TAMS 0x0000000702a00000, 0x0000000702a00000| Untracked 
|  22|0x0000000702c00000, 0x0000000702c00000, 0x0000000702e00000|  0%| F|  |TAMS 0x0000000702c00000, 0x0000000702c00000| Untracked 
|  23|0x0000000702e00000, 0x0000000702e00000, 0x0000000703000000|  0%| F|  |TAMS 0x0000000702e00000, 0x0000000702e00000| Untracked 
|  24|0x0000000703000000, 0x0000000703000000, 0x0000000703200000|  0%| F|  |TAMS 0x0000000703000000, 0x0000000703000000| Untracked 
|  25|0x0000000703200000, 0x0000000703200000, 0x0000000703400000|  0%| F|  |TAMS 0x0000000703200000, 0x0000000703200000| Untracked 
|  26|0x0000000703400000, 0x0000000703400000, 0x0000000703600000|  0%| F|  |TAMS 0x0000000703400000, 0x0000000703400000| Untracked 
|  27|0x0000000703600000, 0x0000000703600000, 0x0000000703800000|  0%| F|  |TAMS 0x0000000703600000, 0x0000000703600000| Untracked 
|  28|0x0000000703800000, 0x0000000703800000, 0x0000000703a00000|  0%| F|  |TAMS 0x0000000703800000, 0x0000000703800000| Untracked 
|  29|0x0000000703a00000, 0x0000000703a00000, 0x0000000703c00000|  0%| F|  |TAMS 0x0000000703a00000, 0x0000000703a00000| Untracked 
|  30|0x0000000703c00000, 0x0000000703c00000, 0x0000000703e00000|  0%| F|  |TAMS 0x0000000703c00000, 0x0000000703c00000| Untracked 
|  31|0x0000000703e00000, 0x0000000703e00000, 0x0000000704000000|  0%| F|  |TAMS 0x0000000703e00000, 0x0000000703e00000| Untracked 
|  32|0x0000000704000000, 0x0000000704000000, 0x0000000704200000|  0%| F|  |TAMS 0x0000000704000000, 0x0000000704000000| Untracked 
|  33|0x0000000704200000, 0x0000000704200000, 0x0000000704400000|  0%| F|  |TAMS 0x0000000704200000, 0x0000000704200000| Untracked 
|  34|0x0000000704400000, 0x0000000704400000, 0x0000000704600000|  0%| F|  |TAMS 0x0000000704400000, 0x0000000704400000| Untracked 
|  35|0x0000000704600000, 0x0000000704600000, 0x0000000704800000|  0%| F|  |TAMS 0x0000000704600000, 0x0000000704600000| Untracked 
|  36|0x0000000704800000, 0x0000000704800000, 0x0000000704a00000|  0%| F|  |TAMS 0x0000000704800000, 0x0000000704800000| Untracked 
|  37|0x0000000704a00000, 0x0000000704a00000, 0x0000000704c00000|  0%| F|  |TAMS 0x0000000704a00000, 0x0000000704a00000| Untracked 
|  38|0x0000000704c00000, 0x0000000704c00000, 0x0000000704e00000|  0%| F|  |TAMS 0x0000000704c00000, 0x0000000704c00000| Untracked 
|  39|0x0000000704e00000, 0x0000000704e00000, 0x0000000705000000|  0%| F|  |TAMS 0x0000000704e00000, 0x0000000704e00000| Untracked 
|  40|0x0000000705000000, 0x0000000705000000, 0x0000000705200000|  0%| F|  |TAMS 0x0000000705000000, 0x0000000705000000| Untracked 
|  41|0x0000000705200000, 0x0000000705200000, 0x0000000705400000|  0%| F|  |TAMS 0x0000000705200000, 0x0000000705200000| Untracked 
|  42|0x0000000705400000, 0x0000000705400000, 0x0000000705600000|  0%| F|  |TAMS 0x0000000705400000, 0x0000000705400000| Untracked 
|  43|0x0000000705600000, 0x0000000705600000, 0x0000000705800000|  0%| F|  |TAMS 0x0000000705600000, 0x0000000705600000| Untracked 
|  44|0x0000000705800000, 0x0000000705800000, 0x0000000705a00000|  0%| F|  |TAMS 0x0000000705800000, 0x0000000705800000| Untracked 
|  45|0x0000000705a00000, 0x0000000705a00000, 0x0000000705c00000|  0%| F|  |TAMS 0x0000000705a00000, 0x0000000705a00000| Untracked 
|  46|0x0000000705c00000, 0x0000000705c00000, 0x0000000705e00000|  0%| F|  |TAMS 0x0000000705c00000, 0x0000000705c00000| Untracked 
|  47|0x0000000705e00000, 0x0000000705e00000, 0x0000000706000000|  0%| F|  |TAMS 0x0000000705e00000, 0x0000000705e00000| Untracked 
|  48|0x0000000706000000, 0x0000000706000000, 0x0000000706200000|  0%| F|  |TAMS 0x0000000706000000, 0x0000000706000000| Untracked 
|  49|0x0000000706200000, 0x0000000706200000, 0x0000000706400000|  0%| F|  |TAMS 0x0000000706200000, 0x0000000706200000| Untracked 
|  50|0x0000000706400000, 0x0000000706400000, 0x0000000706600000|  0%| F|  |TAMS 0x0000000706400000, 0x0000000706400000| Untracked 
|  51|0x0000000706600000, 0x0000000706600000, 0x0000000706800000|  0%| F|  |TAMS 0x0000000706600000, 0x0000000706600000| Untracked 
|  52|0x0000000706800000, 0x0000000706800000, 0x0000000706a00000|  0%| F|  |TAMS 0x0000000706800000, 0x0000000706800000| Untracked 
|  53|0x0000000706a00000, 0x0000000706a00000, 0x0000000706c00000|  0%| F|  |TAMS 0x0000000706a00000, 0x0000000706a00000| Untracked 
|  54|0x0000000706c00000, 0x0000000706c00000, 0x0000000706e00000|  0%| F|  |TAMS 0x0000000706c00000, 0x0000000706c00000| Untracked 
|  55|0x0000000706e00000, 0x0000000706e00000, 0x0000000707000000|  0%| F|  |TAMS 0x0000000706e00000, 0x0000000706e00000| Untracked 
|  56|0x0000000707000000, 0x0000000707000000, 0x0000000707200000|  0%| F|  |TAMS 0x0000000707000000, 0x0000000707000000| Untracked 
|  57|0x0000000707200000, 0x0000000707200000, 0x0000000707400000|  0%| F|  |TAMS 0x0000000707200000, 0x0000000707200000| Untracked 
|  58|0x0000000707400000, 0x0000000707400000, 0x0000000707600000|  0%| F|  |TAMS 0x0000000707400000, 0x0000000707400000| Untracked 
|  59|0x0000000707600000, 0x0000000707600000, 0x0000000707800000|  0%| F|  |TAMS 0x0000000707600000, 0x0000000707600000| Untracked 
|  60|0x0000000707800000, 0x0000000707800000, 0x0000000707a00000|  0%| F|  |TAMS 0x0000000707800000, 0x0000000707800000| Untracked 
|  61|0x0000000707a00000, 0x0000000707a00000, 0x0000000707c00000|  0%| F|  |TAMS 0x0000000707a00000, 0x0000000707a00000| Untracked 
|  62|0x0000000707c00000, 0x0000000707c00000, 0x0000000707e00000|  0%| F|  |TAMS 0x0000000707c00000, 0x0000000707c00000| Untracked 
|  63|0x0000000707e00000, 0x0000000707e00000, 0x0000000708000000|  0%| F|  |TAMS 0x0000000707e00000, 0x0000000707e00000| Untracked 
|  64|0x0000000708000000, 0x0000000708000000, 0x0000000708200000|  0%| F|  |TAMS 0x0000000708000000, 0x0000000708000000| Untracked 
|  65|0x0000000708200000, 0x0000000708200000, 0x0000000708400000|  0%| F|  |TAMS 0x0000000708200000, 0x0000000708200000| Untracked 
|  66|0x0000000708400000, 0x0000000708400000, 0x0000000708600000|  0%| F|  |TAMS 0x0000000708400000, 0x0000000708400000| Untracked 
|  67|0x0000000708600000, 0x0000000708600000, 0x0000000708800000|  0%| F|  |TAMS 0x0000000708600000, 0x0000000708600000| Untracked 
|  68|0x0000000708800000, 0x0000000708800000, 0x0000000708a00000|  0%| F|  |TAMS 0x0000000708800000, 0x0000000708800000| Untracked 
|  69|0x0000000708a00000, 0x0000000708a00000, 0x0000000708c00000|  0%| F|  |TAMS 0x0000000708a00000, 0x0000000708a00000| Untracked 
|  70|0x0000000708c00000, 0x0000000708c00000, 0x0000000708e00000|  0%| F|  |TAMS 0x0000000708c00000, 0x0000000708c00000| Untracked 
|  71|0x0000000708e00000, 0x0000000708e00000, 0x0000000709000000|  0%| F|  |TAMS 0x0000000708e00000, 0x0000000708e00000| Untracked 
|  72|0x0000000709000000, 0x0000000709000000, 0x0000000709200000|  0%| F|  |TAMS 0x0000000709000000, 0x0000000709000000| Untracked 
|  73|0x0000000709200000, 0x0000000709200000, 0x0000000709400000|  0%| F|  |TAMS 0x0000000709200000, 0x0000000709200000| Untracked 
|  74|0x0000000709400000, 0x0000000709400000, 0x0000000709600000|  0%| F|  |TAMS 0x0000000709400000, 0x0000000709400000| Untracked 
|  75|0x0000000709600000, 0x0000000709600000, 0x0000000709800000|  0%| F|  |TAMS 0x0000000709600000, 0x0000000709600000| Untracked 
|  76|0x0000000709800000, 0x0000000709800000, 0x0000000709a00000|  0%| F|  |TAMS 0x0000000709800000, 0x0000000709800000| Untracked 
|  77|0x0000000709a00000, 0x0000000709a00000, 0x0000000709c00000|  0%| F|  |TAMS 0x0000000709a00000, 0x0000000709a00000| Untracked 
|  78|0x0000000709c00000, 0x0000000709c00000, 0x0000000709e00000|  0%| F|  |TAMS 0x0000000709c00000, 0x0000000709c00000| Untracked 
|  79|0x0000000709e00000, 0x0000000709e00000, 0x000000070a000000|  0%| F|  |TAMS 0x0000000709e00000, 0x0000000709e00000| Untracked 
|  80|0x000000070a000000, 0x000000070a000000, 0x000000070a200000|  0%| F|  |TAMS 0x000000070a000000, 0x000000070a000000| Untracked 
|  81|0x000000070a200000, 0x000000070a200000, 0x000000070a400000|  0%| F|  |TAMS 0x000000070a200000, 0x000000070a200000| Untracked 
|  82|0x000000070a400000, 0x000000070a400000, 0x000000070a600000|  0%| F|  |TAMS 0x000000070a400000, 0x000000070a400000| Untracked 
|  83|0x000000070a600000, 0x000000070a600000, 0x000000070a800000|  0%| F|  |TAMS 0x000000070a600000, 0x000000070a600000| Untracked 
|  84|0x000000070a800000, 0x000000070a800000, 0x000000070aa00000|  0%| F|  |TAMS 0x000000070a800000, 0x000000070a800000| Untracked 
|  85|0x000000070aa00000, 0x000000070aa00000, 0x000000070ac00000|  0%| F|  |TAMS 0x000000070aa00000, 0x000000070aa00000| Untracked 
|  86|0x000000070ac00000, 0x000000070ac00000, 0x000000070ae00000|  0%| F|  |TAMS 0x000000070ac00000, 0x000000070ac00000| Untracked 
|  87|0x000000070ae00000, 0x000000070ae00000, 0x000000070b000000|  0%| F|  |TAMS 0x000000070ae00000, 0x000000070ae00000| Untracked 
|  88|0x000000070b000000, 0x000000070b000000, 0x000000070b200000|  0%| F|  |TAMS 0x000000070b000000, 0x000000070b000000| Untracked 
|  89|0x000000070b200000, 0x000000070b200000, 0x000000070b400000|  0%| F|  |TAMS 0x000000070b200000, 0x000000070b200000| Untracked 
|  90|0x000000070b400000, 0x000000070b400000, 0x000000070b600000|  0%| F|  |TAMS 0x000000070b400000, 0x000000070b400000| Untracked 
|  91|0x000000070b600000, 0x000000070b600000, 0x000000070b800000|  0%| F|  |TAMS 0x000000070b600000, 0x000000070b600000| Untracked 
|  92|0x000000070b800000, 0x000000070b800000, 0x000000070ba00000|  0%| F|  |TAMS 0x000000070b800000, 0x000000070b800000| Untracked 
|  93|0x000000070ba00000, 0x000000070ba00000, 0x000000070bc00000|  0%| F|  |TAMS 0x000000070ba00000, 0x000000070ba00000| Untracked 
|  94|0x000000070bc00000, 0x000000070bc00000, 0x000000070be00000|  0%| F|  |TAMS 0x000000070bc00000, 0x000000070bc00000| Untracked 
|  95|0x000000070be00000, 0x000000070be00000, 0x000000070c000000|  0%| F|  |TAMS 0x000000070be00000, 0x000000070be00000| Untracked 
|  96|0x000000070c000000, 0x000000070c000000, 0x000000070c200000|  0%| F|  |TAMS 0x000000070c000000, 0x000000070c000000| Untracked 
|  97|0x000000070c200000, 0x000000070c200000, 0x000000070c400000|  0%| F|  |TAMS 0x000000070c200000, 0x000000070c200000| Untracked 
|  98|0x000000070c400000, 0x000000070c400000, 0x000000070c600000|  0%| F|  |TAMS 0x000000070c400000, 0x000000070c400000| Untracked 
|  99|0x000000070c600000, 0x000000070c600000, 0x000000070c800000|  0%| F|  |TAMS 0x000000070c600000, 0x000000070c600000| Untracked 
| 100|0x000000070c800000, 0x000000070c800000, 0x000000070ca00000|  0%| F|  |TAMS 0x000000070c800000, 0x000000070c800000| Untracked 
| 101|0x000000070ca00000, 0x000000070ca00000, 0x000000070cc00000|  0%| F|  |TAMS 0x000000070ca00000, 0x000000070ca00000| Untracked 
| 102|0x000000070cc00000, 0x000000070cc00000, 0x000000070ce00000|  0%| F|  |TAMS 0x000000070cc00000, 0x000000070cc00000| Untracked 
| 103|0x000000070ce00000, 0x000000070ce00000, 0x000000070d000000|  0%| F|  |TAMS 0x000000070ce00000, 0x000000070ce00000| Untracked 
| 104|0x000000070d000000, 0x000000070d000000, 0x000000070d200000|  0%| F|  |TAMS 0x000000070d000000, 0x000000070d000000| Untracked 
| 105|0x000000070d200000, 0x000000070d200000, 0x000000070d400000|  0%| F|  |TAMS 0x000000070d200000, 0x000000070d200000| Untracked 
| 106|0x000000070d400000, 0x000000070d4b2db8, 0x000000070d600000| 34%| E|  |TAMS 0x000000070d400000, 0x000000070d400000| Complete 
| 107|0x000000070d600000, 0x000000070d800000, 0x000000070d800000|100%| E|CS|TAMS 0x000000070d600000, 0x000000070d600000| Complete 
| 108|0x000000070d800000, 0x000000070da00000, 0x000000070da00000|100%| E|CS|TAMS 0x000000070d800000, 0x000000070d800000| Complete 
| 109|0x000000070da00000, 0x000000070dc00000, 0x000000070dc00000|100%| E|CS|TAMS 0x000000070da00000, 0x000000070da00000| Complete 
| 110|0x000000070dc00000, 0x000000070de00000, 0x000000070de00000|100%| E|CS|TAMS 0x000000070dc00000, 0x000000070dc00000| Complete 
| 111|0x000000070de00000, 0x000000070e000000, 0x000000070e000000|100%| E|CS|TAMS 0x000000070de00000, 0x000000070de00000| Complete 
| 112|0x000000070e000000, 0x000000070e200000, 0x000000070e200000|100%| E|CS|TAMS 0x000000070e000000, 0x000000070e000000| Complete 
| 113|0x000000070e200000, 0x000000070e400000, 0x000000070e400000|100%| E|CS|TAMS 0x000000070e200000, 0x000000070e200000| Complete 
| 114|0x000000070e400000, 0x000000070e600000, 0x000000070e600000|100%| E|CS|TAMS 0x000000070e400000, 0x000000070e400000| Complete 
| 115|0x000000070e600000, 0x000000070e6c5538, 0x000000070e800000| 38%| S|CS|TAMS 0x000000070e600000, 0x000000070e600000| Complete 
| 116|0x000000070e800000, 0x000000070ea00000, 0x000000070ea00000|100%| S|CS|TAMS 0x000000070e800000, 0x000000070e800000| Complete 
| 117|0x000000070ea00000, 0x000000070ec00000, 0x000000070ec00000|100%| E|CS|TAMS 0x000000070ea00000, 0x000000070ea00000| Complete 
| 118|0x000000070ec00000, 0x000000070ee00000, 0x000000070ee00000|100%| E|CS|TAMS 0x000000070ec00000, 0x000000070ec00000| Complete 
| 119|0x000000070ee00000, 0x000000070f000000, 0x000000070f000000|100%| E|CS|TAMS 0x000000070ee00000, 0x000000070ee00000| Complete 
| 120|0x000000070f000000, 0x000000070f200000, 0x000000070f200000|100%| E|CS|TAMS 0x000000070f000000, 0x000000070f000000| Complete 
| 121|0x000000070f200000, 0x000000070f400000, 0x000000070f400000|100%| E|CS|TAMS 0x000000070f200000, 0x000000070f200000| Complete 
| 122|0x000000070f400000, 0x000000070f600000, 0x000000070f600000|100%| E|CS|TAMS 0x000000070f400000, 0x000000070f400000| Complete 
| 123|0x000000070f600000, 0x000000070f800000, 0x000000070f800000|100%| E|CS|TAMS 0x000000070f600000, 0x000000070f600000| Complete 
| 124|0x000000070f800000, 0x000000070fa00000, 0x000000070fa00000|100%| E|CS|TAMS 0x000000070f800000, 0x000000070f800000| Complete 
| 125|0x000000070fa00000, 0x000000070fc00000, 0x000000070fc00000|100%| E|CS|TAMS 0x000000070fa00000, 0x000000070fa00000| Complete 
| 126|0x000000070fc00000, 0x000000070fe00000, 0x000000070fe00000|100%| E|CS|TAMS 0x000000070fc00000, 0x000000070fc00000| Complete 
| 127|0x000000070fe00000, 0x0000000710000000, 0x0000000710000000|100%| E|CS|TAMS 0x000000070fe00000, 0x000000070fe00000| Complete 
|2046|0x00000007ffc00000, 0x00000007ffd78000, 0x00000007ffe00000| 73%|OA|  |TAMS 0x00000007ffc00000, 0x00000007ffc00000| Untracked 
|2047|0x00000007ffe00000, 0x00000007ffe80000, 0x0000000800000000| 25%|CA|  |TAMS 0x00000007ffe00000, 0x00000007ffe00000| Untracked 

Card table byte_map: [0x0000000118e14000,0x0000000119614000] _byte_map_base: 0x0000000115614000

Marking Bits (Prev, Next): (CMBitMap*) 0x0000000154837a10, (CMBitMap*) 0x0000000154837a50
 Prev Bits: [0x0000000119e14000, 0x000000011de14000)
 Next Bits: [0x000000011de14000, 0x0000000121e14000)

Polling page: 0x0000000100518000

Metaspace:

Usage:
  Non-class:     13.21 MB used.
      Class:      2.21 MB used.
       Both:     15.42 MB used.

Virtual space:
  Non-class space:       16.00 MB reserved,      13.31 MB ( 83%) committed,  2 nodes.
      Class space:        1.00 GB reserved,       2.31 MB ( <1%) committed,  1 nodes.
             Both:        1.02 GB reserved,      15.62 MB (  2%) committed. 

Chunk freelists:
   Non-Class:  2.67 MB
       Class:  1.64 MB
        Both:  4.31 MB

MaxMetaspaceSize: unlimited
CompressedClassSpaceSize: 1.00 GB
Initial GC threshold: 21.00 MB
Current GC threshold: 21.00 MB
CDS: on
MetaspaceReclaimPolicy: balanced
 - commit_granule_bytes: 65536.
 - commit_granule_words: 8192.
 - virtual_space_node_default_size: 1048576.
 - enlarge_chunks_in_place: 1.
 - new_chunks_are_fully_committed: 0.
 - uncommit_free_chunks: 1.
 - use_allocation_guard: 0.
 - handle_deallocations: 1.


Internal statistics:

num_allocs_failed_limit: 0.
num_arena_births: 190.
num_arena_deaths: 0.
num_vsnodes_births: 3.
num_vsnodes_deaths: 0.
num_space_committed: 250.
num_space_uncommitted: 0.
num_chunks_returned_to_freelist: 0.
num_chunks_taken_from_freelist: 694.
num_chunk_merges: 0.
num_chunk_splits: 489.
num_chunks_enlarged: 391.
num_purges: 0.
num_inconsistent_stats: 0.

CodeHeap 'non-profiled nmethods': size=120032Kb used=1042Kb max_used=1042Kb free=118989Kb
 bounds [0x00000001118dc000, 0x0000000111b4c000, 0x0000000118e14000]
CodeHeap 'profiled nmethods': size=120016Kb used=5386Kb max_used=5386Kb free=114629Kb
 bounds [0x000000010a3a8000, 0x000000010a8f8000, 0x00000001118dc000]
CodeHeap 'non-nmethods': size=5712Kb used=1387Kb max_used=1496Kb free=4324Kb
 bounds [0x0000000109e14000, 0x000000010a084000, 0x000000010a3a8000]
 total_blobs=3375 nmethods=2600 adapters=691
 compilation: enabled
              stopped_count=0, restarted_count=0
 full_count=0

Compilation events (20 events):
Event: 6.237 Thread 0x000000015480ec00 2653       3       javafx.scene.Node::sceneToLocal0 (46 bytes)
Event: 6.238 Thread 0x000000015480ec00 nmethod 2653 0x000000010a8d9e10 code [0x000000010a8da1c0, 0x000000010a8dbb48]
Event: 6.241 Thread 0x000000015480ec00 2654       3       java.lang.ref.ReferenceQueue::<init> (21 bytes)
Event: 6.241 Thread 0x000000015480ec00 nmethod 2654 0x000000010a8dc210 code [0x000000010a8dc3c0, 0x000000010a8dc6e8]
Event: 6.241 Thread 0x000000015480ec00 2655       3       java.lang.ref.ReferenceQueue$Lock::<init> (5 bytes)
Event: 6.241 Thread 0x000000015480ec00 nmethod 2655 0x000000010a8dc810 code [0x000000010a8dc9c0, 0x000000010a8dcb68]
Event: 6.255 Thread 0x000000015480ec00 2656       3       javafx.scene.input.ScrollEvent::copyFor (7 bytes)
Event: 6.256 Thread 0x000000015480ec00 nmethod 2656 0x000000010a8dcc10 code [0x000000010a8dce00, 0x000000010a8dd2c8]
Event: 6.256 Thread 0x000000015480ec00 2657       3       javafx.scene.input.ScrollEvent::copyFor (10 bytes)
Event: 6.256 Thread 0x000000015480ec00 nmethod 2657 0x000000010a8dd490 code [0x000000010a8dd680, 0x000000010a8ddb08]
Event: 6.258 Thread 0x000000015480ec00 2658       3       javafx.scene.Parent::doComputeGeomBounds (430 bytes)
Event: 6.260 Thread 0x000000015480ec00 nmethod 2658 0x000000010a8ddc90 code [0x000000010a8de380, 0x000000010a8e1518]
Event: 6.260 Thread 0x000000015480ec00 2659       3       jdk.internal.misc.Unsafe::putReferenceOpaque (9 bytes)
Event: 6.260 Thread 0x000000015480ec00 nmethod 2659 0x000000010a8e2590 code [0x000000010a8e2740, 0x000000010a8e28e8]
Event: 6.304 Thread 0x000000015480e600 2660       4       com.sun.javafx.event.EventHandlerManager::dispatchCapturingEvent (41 bytes)
Event: 6.308 Thread 0x000000015480ec00 2661       3       java.util.WeakHashMap$EntryIterator::next (5 bytes)
Event: 6.308 Thread 0x000000015480ec00 nmethod 2661 0x000000010a8e2990 code [0x000000010a8e2b40, 0x000000010a8e2dd8]
Event: 6.308 Thread 0x000000015480ec00 2662       3       java.util.WeakHashMap$EntryIterator::next (5 bytes)
Event: 6.308 Thread 0x000000015480ec00 nmethod 2662 0x000000010a8e2e90 code [0x000000010a8e3040, 0x000000010a8e3258]
Event: 6.308 Thread 0x000000015480ec00 2665       3       javafx.scene.layout.Region::doComputeGeomBounds (343 bytes)

GC Heap History (2 events):
Event: 0.540 GC heap before
{Heap before GC invocations=0 (full 0):
 garbage-first heap   total 266240K, used 22496K [0x0000000700000000, 0x0000000800000000)
  region size 2048K, 11 young (22528K), 0 survivors (0K)
 Metaspace       used 7162K, committed 7296K, reserved 1056768K
  class space    used 904K, committed 960K, reserved 1048576K
}
Event: 0.543 GC heap after
{Heap after GC invocations=1 (full 0):
 garbage-first heap   total 266240K, used 4853K [0x0000000700000000, 0x0000000800000000)
  region size 2048K, 2 young (4096K), 2 survivors (4096K)
 Metaspace       used 7162K, committed 7296K, reserved 1056768K
  class space    used 904K, committed 960K, reserved 1048576K
}

Deoptimization events (20 events):
Event: 3.272 Thread 0x0000000154812800 DEOPT PACKING pc=0x000000010a7437cc sp=0x00000001724f41e0
Event: 3.272 Thread 0x0000000154812800 DEOPT UNPACKING pc=0x0000000109e52b7c sp=0x00000001724f3e40 mode 0
Event: 3.375 Thread 0x0000000154812800 DEOPT PACKING pc=0x000000010a7741e0 sp=0x00000001724f4270
Event: 3.376 Thread 0x0000000154812800 DEOPT UNPACKING pc=0x0000000109e52b7c sp=0x00000001724f3f30 mode 0
Event: 3.392 Thread 0x0000000154812800 DEOPT PACKING pc=0x000000010a7741e0 sp=0x00000001724f4040
Event: 3.392 Thread 0x0000000154812800 DEOPT UNPACKING pc=0x0000000109e52b7c sp=0x00000001724f3d00 mode 0
Event: 3.425 Thread 0x0000000154812800 DEOPT PACKING pc=0x000000010a7c8e58 sp=0x00000001724f3b60
Event: 3.425 Thread 0x0000000154812800 DEOPT UNPACKING pc=0x0000000109e52b7c sp=0x00000001724f3710 mode 0
Event: 3.442 Thread 0x0000000154812800 DEOPT PACKING pc=0x000000010a7cd280 sp=0x00000001724f3c80
Event: 3.442 Thread 0x0000000154812800 DEOPT UNPACKING pc=0x0000000109e52b7c sp=0x00000001724f3880 mode 0
Event: 3.458 Thread 0x0000000154812800 DEOPT PACKING pc=0x000000010a7cd280 sp=0x00000001724f3b00
Event: 3.458 Thread 0x0000000154812800 DEOPT UNPACKING pc=0x0000000109e52b7c sp=0x00000001724f3700 mode 0
Event: 3.475 Thread 0x0000000154812800 DEOPT PACKING pc=0x000000010a7cd280 sp=0x00000001724f3b00
Event: 3.475 Thread 0x0000000154812800 DEOPT UNPACKING pc=0x0000000109e52b7c sp=0x00000001724f3700 mode 0
Event: 3.492 Thread 0x0000000154812800 DEOPT PACKING pc=0x000000010a7cd280 sp=0x00000001724f3a80
Event: 3.492 Thread 0x0000000154812800 DEOPT UNPACKING pc=0x0000000109e52b7c sp=0x00000001724f3680 mode 0
Event: 3.692 Thread 0x0000000154812800 Uncommon trap: trap_request=0xffffff45 fr.pc=0x00000001119bd18c relative=0x000000000000008c
Event: 3.692 Thread 0x0000000154812800 Uncommon trap: reason=unstable_if action=reinterpret pc=0x00000001119bd18c method=com.sun.javafx.geom.RectBounds.isEmpty()Z @ 21 c2
Event: 3.692 Thread 0x0000000154812800 DEOPT PACKING pc=0x00000001119bd18c sp=0x00000001724f3e80
Event: 3.692 Thread 0x0000000154812800 DEOPT UNPACKING pc=0x0000000109e52d1c sp=0x00000001724f3e10 mode 2

Classes unloaded (0 events):
No events

Classes redefined (0 events):
No events

Internal exceptions (20 events):
Event: 0.417 Thread 0x00000001551c0c00 Exception <a 'java/lang/NoSuchMethodError'{0x000000070f397b90}: 'void java.lang.invoke.DirectMethodHandle$Holder.invokeStaticInit(java.lang.Object)'> (0x000000070f397b90) 
thrown [open/src/hotspot/share/interpreter/linkResolver.cpp, line 759]
Event: 0.420 Thread 0x0000000154812200 Exception <a 'java/lang/NoSuchMethodError'{0x000000070f4946d8}: 'java.lang.Object java.lang.invoke.DirectMethodHandle$Holder.newInvokeSpecial(java.lang.Object, java.lang.Object, java.lang.Object, java.lang.Object, java.lang.Object, java.lang.Object)'> (0x000000070f4946d8) 
thrown [open/src/hotspot/share/interpreter/linkResolver.cpp, line 759]
Event: 0.438 Thread 0x0000000154812200 Exception <a 'java/lang/NoSuchMethodError'{0x000000070f4c55e0}: 'java.lang.Object java.lang.invoke.DirectMethodHandle$Holder.newInvokeSpecial(java.lang.Object, java.lang.Object, java.lang.Object, java.lang.Object, java.lang.Object)'> (0x000000070f4c55e0) 
thrown [open/src/hotspot/share/interpreter/linkResolver.cpp, line 759]
Event: 0.439 Thread 0x00000001551f9800 Exception <a 'java/lang/NoSuchMethodError'{0x000000070f0750e0}: 'void java.lang.invoke.DirectMethodHandle$Holder.invokeStatic(java.lang.Object, java.lang.Object, java.lang.Object, java.lang.Object)'> (0x000000070f0750e0) 
thrown [open/src/hotspot/share/interpreter/linkResolver.cpp, line 759]
Event: 0.486 Thread 0x00000001551c0c00 Exception <a 'sun/nio/fs/UnixException'{0x000000070eff8410}> (0x000000070eff8410) 
thrown [open/src/hotspot/share/prims/jni.cpp, line 516]
Event: 0.526 Thread 0x00000001551c0c00 Exception <a 'java/lang/NoSuchMethodError'{0x000000070eab9670}: 'java.lang.Object java.lang.invoke.DirectMethodHandle$Holder.invokeStaticInit(java.lang.Object, java.lang.Object, java.lang.Object, java.lang.Object)'> (0x000000070eab9670) 
thrown [open/src/hotspot/share/interpreter/linkResolver.cpp, line 759]
Event: 0.527 Thread 0x00000001551c0c00 Exception <a 'java/lang/NullPointerException'{0x000000070eac5358}> (0x000000070eac5358) 
thrown [open/src/hotspot/share/interpreter/linkResolver.cpp, line 1350]
Event: 0.547 Thread 0x00000001551c0c00 Exception <a 'java/lang/NoSuchMethodError'{0x000000070fe44be8}: 'java.lang.Object java.lang.invoke.DirectMethodHandle$Holder.invokeSpecial(java.lang.Object, java.lang.Object, java.lang.Object, int, java.lang.Object)'> (0x000000070fe44be8) 
thrown [open/src/hotspot/share/interpreter/linkResolver.cpp, line 759]
Event: 0.624 Thread 0x00000001551c0c00 Exception <a 'java/lang/NoSuchMethodError'{0x000000070f861800}: 'void java.lang.invoke.DirectMethodHandle$Holder.invokeStaticInit(java.lang.Object, java.lang.Object)'> (0x000000070f861800) 
thrown [open/src/hotspot/share/interpreter/linkResolver.cpp, line 759]
Event: 0.629 Thread 0x00000001551c0c00 Exception <a 'java/lang/NoSuchMethodError'{0x000000070f9dfab0}: 'void java.lang.invoke.DirectMethodHandle$Holder.invokeSpecial(java.lang.Object, java.lang.Object, java.lang.Object, java.lang.Object, java.lang.Object)'> (0x000000070f9dfab0) 
thrown [open/src/hotspot/share/interpreter/linkResolver.cpp, line 759]
Event: 0.688 Thread 0x00000001551c0c00 Exception <a 'sun/nio/fs/UnixException'{0x000000070f5f6320}> (0x000000070f5f6320) 
thrown [open/src/hotspot/share/prims/jni.cpp, line 516]
Event: 0.772 Thread 0x00000001551c0c00 Exception <a 'java/lang/ClassNotFoundException'{0x000000070f1e4c68}: com/sun/javafx/scene/control/skin/resources/controls> (0x000000070f1e4c68) 
thrown [open/src/hotspot/share/prims/jni.cpp, line 535]
Event: 0.773 Thread 0x00000001551c0c00 Exception <a 'java/lang/ClassNotFoundException'{0x000000070f1f2c08}: com/sun/javafx/scene/control/skin/resources/controls_en> (0x000000070f1f2c08) 
thrown [open/src/hotspot/share/prims/jni.cpp, line 535]
Event: 0.773 Thread 0x00000001551c0c00 Exception <a 'java/lang/ClassNotFoundException'{0x000000070f1f3ba0}: com/sun/javafx/scene/control/skin/resources/controls_en_US> (0x000000070f1f3ba0) 
thrown [open/src/hotspot/share/prims/jni.cpp, line 535]
Event: 0.785 Thread 0x00000001551c0c00 Exception <a 'java/lang/NoSuchMethodError'{0x000000070eeed9d0}: 'java.lang.Object java.lang.invoke.DirectMethodHandle$Holder.invokeInterface(java.lang.Object, java.lang.Object, java.lang.Object)'> (0x000000070eeed9d0) 
thrown [open/src/hotspot/share/interpreter/linkResolver.cpp, line 759]
Event: 0.786 Thread 0x00000001551c0c00 Exception <a 'java/lang/IncompatibleClassChangeError'{0x000000070eef1358}: Found class java.lang.Object, but interface was expected> (0x000000070eef1358) 
thrown [open/src/hotspot/share/interpreter/linkResolver.cpp, line 826]
Event: 1.049 Thread 0x00000001551c0c00 Exception <a 'java/lang/NoSuchMethodError'{0x000000070de24808}: 'java.lang.Object java.lang.invoke.DirectMethodHandle$Holder.newInvokeSpecial(java.lang.Object, java.lang.Object, int)'> (0x000000070de24808) 
thrown [open/src/hotspot/share/interpreter/linkResolver.cpp, line 759]
Event: 1.114 Thread 0x0000000154812800 Exception <a 'java/lang/NoSuchMethodError'{0x000000070dd35728}: 'int java.lang.invoke.DirectMethodHandle$Holder.invokeStaticInit(java.lang.Object, java.lang.Object)'> (0x000000070dd35728) 
thrown [open/src/hotspot/share/interpreter/linkResolver.cpp, line 759]
Event: 1.210 Thread 0x0000000154812800 Exception <a 'java/lang/NoSuchMethodError'{0x000000070d9e75b0}: 'java.lang.Object java.lang.invoke.DirectMethodHandle$Holder.invokeStaticInit(java.lang.Object, int)'> (0x000000070d9e75b0) 
thrown [open/src/hotspot/share/interpreter/linkResolver.cpp, line 759]
Event: 3.241 Thread 0x00000001551c0c00 Exception <a 'java/lang/NoSuchMethodError'{0x000000070dcbc0f8}: 'java.lang.Object java.lang.invoke.DirectMethodHandle$Holder.newInvokeSpecial(java.lang.Object, java.lang.Object, int, java.lang.Object, double, double, double, double, double, double, int, int, int, int, int, int, int, int)'> (0x000000070dcbc0f8) 
thrown [open/src/hotspot/share/interpreter/linkResolver.cpp, line 759]

VM Operations (20 events):
Event: 0.891 Executing VM operation: HandshakeAllThreads
Event: 0.891 Executing VM operation: HandshakeAllThreads done
Event: 0.931 Executing VM operation: ICBufferFull
Event: 0.931 Executing VM operation: ICBufferFull done
Event: 0.988 Executing VM operation: ICBufferFull
Event: 0.988 Executing VM operation: ICBufferFull done
Event: 1.023 Executing VM operation: ICBufferFull
Event: 1.023 Executing VM operation: ICBufferFull done
Event: 2.171 Executing VM operation: Cleanup
Event: 2.172 Executing VM operation: Cleanup done
Event: 3.177 Executing VM operation: Cleanup
Event: 3.177 Executing VM operation: Cleanup done
Event: 3.375 Executing VM operation: ICBufferFull
Event: 3.375 Executing VM operation: ICBufferFull done
Event: 3.858 Executing VM operation: ICBufferFull
Event: 3.858 Executing VM operation: ICBufferFull done
Event: 4.863 Executing VM operation: Cleanup
Event: 4.863 Executing VM operation: Cleanup done
Event: 5.864 Executing VM operation: Cleanup
Event: 5.864 Executing VM operation: Cleanup done

Events (20 events):
Event: 1.374 Protecting memory [0x000000017270c000,0x0000000172718000] with protection modes 3
Event: 1.374 Thread 0x00000001551fac00 Thread exited: 0x00000001551fac00
Event: 2.749 loading class java/util/EnumMap$Values
Event: 2.749 loading class java/util/EnumMap$Values done
Event: 2.749 loading class java/util/EnumMap$ValueIterator
Event: 2.749 loading class java/util/EnumMap$EnumMapIterator
Event: 2.749 loading class java/util/EnumMap$EnumMapIterator done
Event: 2.749 loading class java/util/EnumMap$ValueIterator done
Event: 3.257 Protecting memory [0x000000017270c000,0x0000000172718000] with protection modes 0
Event: 3.257 Thread 0x0000000133969c00 Thread added: 0x0000000133969c00
Event: 3.330 loading class jdk/internal/misc/ScopedMemoryAccess$Scope
Event: 3.330 loading class jdk/internal/misc/ScopedMemoryAccess$Scope done
Event: 4.257 Protecting memory [0x000000017270c000,0x0000000172718000] with protection modes 3
Event: 4.257 Thread 0x0000000133969c00 Thread exited: 0x0000000133969c00
Event: 5.273 Protecting memory [0x000000017270c000,0x0000000172718000] with protection modes 0
Event: 5.273 Thread 0x000000014483a200 Thread added: 0x000000014483a200
Event: 5.774 Protecting memory [0x000000017270c000,0x0000000172718000] with protection modes 3
Event: 5.774 Thread 0x000000014483a200 Thread exited: 0x000000014483a200
Event: 6.207 Protecting memory [0x000000017270c000,0x0000000172718000] with protection modes 0
Event: 6.207 Thread 0x00000001550d8800 Thread added: 0x00000001550d8800


Dynamic libraries:
0x00000001004c8000 	/Library/Java/JavaVirtualMachines/jdk-17.0.4.jdk/Contents/Home/lib/libjli.dylib
0x00000001aea2e000 	/usr/lib/libz.1.dylib
0x00000001aeae5000 	/usr/lib/libSystem.B.dylib
0x00000001aeadf000 	/usr/lib/system/libcache.dylib
0x00000001aea9d000 	/usr/lib/system/libcommonCrypto.dylib
0x00000001aeac6000 	/usr/lib/system/libcompiler_rt.dylib
0x00000001aeabd000 	/usr/lib/system/libcopyfile.dylib
0x00000001a3d0b000 	/usr/lib/system/libcorecrypto.dylib
0x00000001a3dc0000 	/usr/lib/system/libdispatch.dylib
0x00000001a3f8e000 	/usr/lib/system/libdyld.dylib
0x00000001aead5000 	/usr/lib/system/libkeymgr.dylib
0x00000001aea78000 	/usr/lib/system/libmacho.dylib
0x00000001ae168000 	/usr/lib/system/libquarantine.dylib
0x00000001aead2000 	/usr/lib/system/libremovefile.dylib
0x00000001a9104000 	/usr/lib/system/libsystem_asl.dylib
0x00000001a3cad000 	/usr/lib/system/libsystem_blocks.dylib
0x00000001a3e48000 	/usr/lib/system/libsystem_c.dylib
0x00000001aeaca000 	/usr/lib/system/libsystem_collections.dylib
0x00000001ad5fd000 	/usr/lib/system/libsystem_configuration.dylib
0x00000001ac859000 	/usr/lib/system/libsystem_containermanager.dylib
0x00000001ae7d5000 	/usr/lib/system/libsystem_coreservices.dylib
0x00000001a66be000 	/usr/lib/system/libsystem_darwin.dylib
0x00000001aead6000 	/usr/lib/system/libsystem_dnssd.dylib
0x00000001a3e45000 	/usr/lib/system/libsystem_featureflags.dylib
0x00000001a3fa3000 	/usr/lib/system/libsystem_info.dylib
0x00000001aea40000 	/usr/lib/system/libsystem_m.dylib
0x00000001a3d95000 	/usr/lib/system/libsystem_malloc.dylib
0x00000001a9092000 	/usr/lib/system/libsystem_networkextension.dylib
0x00000001a6b17000 	/usr/lib/system/libsystem_notify.dylib
0x00000001b4e38000 	/usr/lib/system/libsystem_product_info_filter.dylib
0x00000001ad602000 	/usr/lib/system/libsystem_sandbox.dylib
0x00000001aeacf000 	/usr/lib/system/libsystem_secinit.dylib
0x00000001a3f49000 	/usr/lib/system/libsystem_kernel.dylib
0x00000001a3f9b000 	/usr/lib/system/libsystem_platform.dylib
0x00000001a3f81000 	/usr/lib/system/libsystem_pthread.dylib
0x00000001aa864000 	/usr/lib/system/libsystem_symptoms.dylib
0x00000001a3cf1000 	/usr/lib/system/libsystem_trace.dylib
0x00000001aeaaa000 	/usr/lib/system/libunwind.dylib
0x00000001a3caf000 	/usr/lib/system/libxpc.dylib
0x00000001a3f31000 	/usr/lib/libc++abi.dylib
0x00000001a3e07000 	/usr/lib/libobjc.A.dylib
0x00000001aeab5000 	/usr/lib/liboah.dylib
0x00000001a3eca000 	/usr/lib/libc++.1.dylib
0x00000001ba95e000 	/System/Library/Frameworks/Cocoa.framework/Versions/A/Cocoa
0x00000001a6b78000 	/System/Library/Frameworks/AppKit.framework/Versions/C/AppKit
0x00000001aa08b000 	/System/Library/Frameworks/CoreData.framework/Versions/A/CoreData
0x00000001a4ed3000 	/System/Library/Frameworks/Foundation.framework/Versions/C/Foundation
0x00000001a7a30000 	/System/Library/PrivateFrameworks/UIFoundation.framework/Versions/A/UIFoundation
0x00000001b4b32000 	/System/Library/PrivateFrameworks/RemoteViewServices.framework/Versions/A/RemoteViewServices
0x00000001acfa5000 	/System/Library/PrivateFrameworks/XCTTargetBootstrap.framework/Versions/A/XCTTargetBootstrap
0x00000001b0825000 	/System/Library/PrivateFrameworks/InternationalSupport.framework/Versions/A/InternationalSupport
0x00000001b08ae000 	/System/Library/PrivateFrameworks/UserActivity.framework/Versions/A/UserActivity
0x00000001afd1c000 	/usr/lib/libspindump.dylib
0x00000001a7ca1000 	/System/Library/Frameworks/UniformTypeIdentifiers.framework/Versions/A/UniformTypeIdentifiers
0x00000001ab4ef000 	/usr/lib/libapp_launch_measurement.dylib
0x00000001aaa16000 	/System/Library/PrivateFrameworks/CoreAnalytics.framework/Versions/A/CoreAnalytics
0x00000001ab4f2000 	/System/Library/PrivateFrameworks/CoreAutoLayout.framework/Versions/A/CoreAutoLayout
0x00000001ac896000 	/System/Library/Frameworks/Metal.framework/Versions/A/Metal
0x00000001ad60d000 	/usr/lib/liblangid.dylib
0x00000001acfaa000 	/System/Library/PrivateFrameworks/CoreSVG.framework/Versions/A/CoreSVG
0x00000001a9138000 	/System/Library/PrivateFrameworks/SkyLight.framework/Versions/A/SkyLight
0x00000001a9511000 	/System/Library/Frameworks/CoreGraphics.framework/Versions/A/CoreGraphics
0x00000001b51fe000 	/System/Library/Frameworks/Accelerate.framework/Versions/A/Accelerate
0x00000001af793000 	/System/Library/PrivateFrameworks/IconServices.framework/Versions/A/IconServices
0x00000001ac878000 	/System/Library/Frameworks/IOSurface.framework/Versions/A/IOSurface
0x00000001aaa47000 	/usr/lib/libDiagnosticMessagesClient.dylib
0x00000001b86ff000 	/System/Library/Frameworks/ApplicationServices.framework/Versions/A/ApplicationServices
0x00000001acf8d000 	/System/Library/PrivateFrameworks/DFRFoundation.framework/Versions/A/DFRFoundation
0x00000001a6408000 	/usr/lib/libicucore.A.dylib
0x00000001b16d2000 	/System/Library/Frameworks/AudioToolbox.framework/Versions/A/AudioToolbox
0x00000001b0831000 	/System/Library/PrivateFrameworks/DataDetectorsCore.framework/Versions/A/DataDetectorsCore
0x00000001c722b000 	/System/Library/PrivateFrameworks/TextInput.framework/Versions/A/TextInput
0x00000001a90ad000 	/usr/lib/libMobileGestalt.dylib
0x00000001acc59000 	/System/Library/Frameworks/Carbon.framework/Versions/A/Frameworks/HIToolbox.framework/Versions/A/HIToolbox
0x00000001aaec7000 	/System/Library/Frameworks/QuartzCore.framework/Versions/A/QuartzCore
0x00000001a6089000 	/System/Library/Frameworks/Security.framework/Versions/A/Security
0x00000001b4b72000 	/System/Library/Frameworks/Carbon.framework/Versions/A/Frameworks/SpeechRecognition.framework/Versions/A/SpeechRecognition
0x00000001ab245000 	/System/Library/PrivateFrameworks/CoreUI.framework/Versions/A/CoreUI
0x00000001a5965000 	/System/Library/Frameworks/CoreAudio.framework/Versions/A/CoreAudio
0x00000001aab3b000 	/System/Library/Frameworks/DiskArbitration.framework/Versions/A/DiskArbitration
0x00000001b0126000 	/System/Library/PrivateFrameworks/MultitouchSupport.framework/Versions/A/MultitouchSupport
0x00000001a90ab000 	/usr/lib/libenergytrace.dylib
0x00000001a6a40000 	/System/Library/Frameworks/IOKit.framework/Versions/A/IOKit
0x00000001b4f61000 	/System/Library/Frameworks/CoreServices.framework/Versions/A/CoreServices
0x00000001ab47f000 	/System/Library/PrivateFrameworks/PerformanceAnalysis.framework/Versions/A/PerformanceAnalysis
0x0000000205663000 	/System/Library/Frameworks/OpenGL.framework/Versions/A/OpenGL
0x00000001ae080000 	/System/Library/PrivateFrameworks/MobileKeyBag.framework/Versions/A/MobileKeyBag
0x00000001a9b1f000 	/System/Library/Frameworks/ColorSync.framework/Versions/A/ColorSync
0x00000001a3fd0000 	/System/Library/Frameworks/CoreFoundation.framework/Versions/A/CoreFoundation
0x00000001ad229000 	/System/Library/Frameworks/CoreImage.framework/Versions/A/CoreImage
0x00000001a5789000 	/System/Library/Frameworks/CoreText.framework/Versions/A/CoreText
0x00000001acfda000 	/System/Library/Frameworks/ImageIO.framework/Versions/A/ImageIO
0x00000001aeaeb000 	/System/Library/PrivateFrameworks/SoftLinking.framework/Versions/A/SoftLinking
0x00000001ab53d000 	/usr/lib/libxml2.2.dylib
0x00000001aed84000 	/usr/lib/libcompression.dylib
0x00000001b0781000 	/System/Library/PrivateFrameworks/TextureIO.framework/Versions/A/TextureIO
0x00000001af4ac000 	/usr/lib/libate.dylib
0x00000001af371000 	/usr/lib/liblzma.5.dylib
0x00000001a4bc6000 	/System/Library/Frameworks/SystemConfiguration.framework/Versions/A/SystemConfiguration
0x00000001aeae7000 	/usr/lib/libfakelink.dylib
0x00000001a8bdd000 	/System/Library/Frameworks/CFNetwork.framework/Versions/A/CFNetwork
0x00000001aec2d000 	/usr/lib/libarchive.2.dylib
0x00000001ad609000 	/System/Library/PrivateFrameworks/AppleSystemInfo.framework/Versions/A/AppleSystemInfo
0x00000001ae193000 	/usr/lib/libbsm.0.dylib
0x00000001a814a000 	/usr/lib/libnetwork.dylib
0x00000001aea81000 	/usr/lib/system/libkxld.dylib
0x00000001addad000 	/System/Library/PrivateFrameworks/IOMobileFramebuffer.framework/Versions/A/IOMobileFramebuffer
0x000000022332c000 	/usr/lib/libCoreEntitlements.dylib
0x00000001ae7b7000 	/System/Library/PrivateFrameworks/AppleFSCompression.framework/Versions/A/AppleFSCompression
0x00000001ae17b000 	/usr/lib/libcoretls.dylib
0x00000001af38a000 	/usr/lib/libcoretls_cfhelpers.dylib
0x00000001aed7f000 	/usr/lib/libpam.2.dylib
0x00000001aa47b000 	/usr/lib/libsqlite3.dylib
0x00000001af3f3000 	/usr/lib/libxar.1.dylib
0x00000001ae7c8000 	/usr/lib/libbz2.1.0.dylib
0x00000001aeaec000 	/usr/lib/libpcap.A.dylib
0x00000001aa85b000 	/usr/lib/libdns_services.dylib
0x00000001aed52000 	/usr/lib/libapple_nghttp2.dylib
0x00000001aeb29000 	/usr/lib/libiconv.2.dylib
0x00000001aea77000 	/usr/lib/libcharset.1.dylib
0x00000001ab4bb000 	/System/Library/Frameworks/CoreServices.framework/Versions/A/Frameworks/FSEvents.framework/Versions/A/FSEvents
0x00000001a66c9000 	/System/Library/Frameworks/CoreServices.framework/Versions/A/Frameworks/CarbonCore.framework/Versions/A/CarbonCore
0x00000001aaa9b000 	/System/Library/Frameworks/CoreServices.framework/Versions/A/Frameworks/Metadata.framework/Versions/A/Metadata
0x00000001ae7db000 	/System/Library/Frameworks/CoreServices.framework/Versions/A/Frameworks/OSServices.framework/Versions/A/OSServices
0x00000001aecb3000 	/System/Library/Frameworks/CoreServices.framework/Versions/A/Frameworks/SearchKit.framework/Versions/A/SearchKit
0x00000001aa7ea000 	/System/Library/Frameworks/CoreServices.framework/Versions/A/Frameworks/AE.framework/Versions/A/AE
0x00000001a4517000 	/System/Library/Frameworks/CoreServices.framework/Versions/A/Frameworks/LaunchServices.framework/Versions/A/LaunchServices
0x00000001af31a000 	/System/Library/Frameworks/CoreServices.framework/Versions/A/Frameworks/DictionaryServices.framework/Versions/A/DictionaryServices
0x00000001ab4c8000 	/System/Library/Frameworks/CoreServices.framework/Versions/A/Frameworks/SharedFileList.framework/Versions/A/SharedFileList
0x00000001ae16b000 	/usr/lib/libCheckFix.dylib
0x00000001a911c000 	/System/Library/PrivateFrameworks/TCC.framework/Versions/A/TCC
0x00000001ad60f000 	/System/Library/PrivateFrameworks/CoreNLP.framework/Versions/A/CoreNLP
0x00000001aaa4a000 	/System/Library/PrivateFrameworks/MetadataUtilities.framework/Versions/A/MetadataUtilities
0x00000001a4c80000 	/usr/lib/libmecabra.dylib
0x00000001ae1a4000 	/usr/lib/libmecab.dylib
0x00000001a4c4c000 	/usr/lib/libCRFSuite.dylib
0x00000001ae201000 	/usr/lib/libgermantok.dylib
0x00000001aed2b000 	/usr/lib/libThaiTokenizer.dylib
0x00000001aab43000 	/System/Library/Frameworks/Accelerate.framework/Versions/A/Frameworks/vImage.framework/Versions/A/vImage
0x00000001b4f38000 	/System/Library/Frameworks/Accelerate.framework/Versions/A/Frameworks/vecLib.framework/Versions/A/vecLib
0x00000001af438000 	/System/Library/Frameworks/Accelerate.framework/Versions/A/Frameworks/vecLib.framework/Versions/A/libvMisc.dylib
0x00000001adcb4000 	/System/Library/Frameworks/Accelerate.framework/Versions/A/Frameworks/vecLib.framework/Versions/A/libvDSP.dylib
0x00000001a48a1000 	/System/Library/Frameworks/Accelerate.framework/Versions/A/Frameworks/vecLib.framework/Versions/A/libBLAS.dylib
0x00000001aee55000 	/System/Library/Frameworks/Accelerate.framework/Versions/A/Frameworks/vecLib.framework/Versions/A/libLAPACK.dylib
0x00000001ae204000 	/System/Library/Frameworks/Accelerate.framework/Versions/A/Frameworks/vecLib.framework/Versions/A/libLinearAlgebra.dylib
0x00000001aed6a000 	/System/Library/Frameworks/Accelerate.framework/Versions/A/Frameworks/vecLib.framework/Versions/A/libSparseBLAS.dylib
0x00000001aee50000 	/System/Library/Frameworks/Accelerate.framework/Versions/A/Frameworks/vecLib.framework/Versions/A/libQuadrature.dylib
0x00000001ad708000 	/System/Library/Frameworks/Accelerate.framework/Versions/A/Frameworks/vecLib.framework/Versions/A/libBNNS.dylib
0x00000001a4b5f000 	/System/Library/Frameworks/Accelerate.framework/Versions/A/Frameworks/vecLib.framework/Versions/A/libSparse.dylib
0x00000001ad700000 	/System/Library/PrivateFrameworks/LinguisticData.framework/Versions/A/LinguisticData
0x00000001a4b17000 	/System/Library/PrivateFrameworks/Lexicon.framework/Versions/A/Lexicon
0x00000001af430000 	/usr/lib/libChineseTokenizer.dylib
0x00000001a52c5000 	/System/Library/PrivateFrameworks/LanguageModeling.framework/Versions/A/LanguageModeling
0x00000001aed2d000 	/System/Library/PrivateFrameworks/AppleSauce.framework/Versions/A/AppleSauce
0x00000001add9a000 	/System/Library/PrivateFrameworks/CoreEmoji.framework/Versions/A/CoreEmoji
0x00000001aec1b000 	/usr/lib/libcmph.dylib
0x00000001ab49b000 	/System/Library/Frameworks/OpenDirectory.framework/Versions/A/Frameworks/CFOpenDirectory.framework/Versions/A/CFOpenDirectory
0x00000001ab48b000 	/System/Library/Frameworks/OpenDirectory.framework/Versions/A/OpenDirectory
0x00000001af38c000 	/System/Library/PrivateFrameworks/APFS.framework/Versions/A/APFS
0x00000001ae0bb000 	/System/Library/Frameworks/SecurityFoundation.framework/Versions/A/SecurityFoundation
0x00000001af402000 	/usr/lib/libutil.dylib
0x00000001a6a02000 	/System/Library/PrivateFrameworks/CoreServicesStore.framework/Versions/A/CoreServicesStore
0x00000001af406000 	/usr/lib/libxslt.1.dylib
0x00000001ae14f000 	/System/Library/PrivateFrameworks/BackgroundTaskManagement.framework/Versions/A/BackgroundTaskManagement
0x00000001b06a2000 	/System/Library/Frameworks/ImageIO.framework/Versions/A/Resources/libRadiance.dylib
0x00000001b06ab000 	/System/Library/Frameworks/ImageIO.framework/Versions/A/Resources/libJPEG.dylib
0x00000001b05fe000 	/System/Library/Frameworks/ImageIO.framework/Versions/A/Resources/libPng.dylib
0x00000001b0620000 	/System/Library/Frameworks/ImageIO.framework/Versions/A/Resources/libTIFF.dylib
0x00000001b0706000 	/System/Library/Frameworks/ImageIO.framework/Versions/A/Resources/libGIF.dylib
0x00000001b0036000 	/System/Library/Frameworks/ImageIO.framework/Versions/A/Resources/libJP2.dylib
0x00000001af758000 	/usr/lib/libexpat.1.dylib
0x00000001afff1000 	/System/Library/PrivateFrameworks/AppleJPEG.framework/Versions/A/AppleJPEG
0x00000001acb15000 	/System/Library/PrivateFrameworks/FontServices.framework/libFontParser.dylib
0x00000001aa78f000 	/System/Library/PrivateFrameworks/RunningBoardServices.framework/Versions/A/RunningBoardServices
0x00000001bb034000 	/System/Library/PrivateFrameworks/IOSurfaceAccelerator.framework/Versions/A/IOSurfaceAccelerator
0x00000001b0122000 	/System/Library/PrivateFrameworks/WatchdogClient.framework/Versions/A/WatchdogClient
0x00000001a53c5000 	/System/Library/Frameworks/CoreDisplay.framework/Versions/A/CoreDisplay
0x00000001ac9ff000 	/System/Library/Frameworks/CoreMedia.framework/Versions/A/CoreMedia
0x00000001ac88c000 	/System/Library/PrivateFrameworks/IOAccelerator.framework/Versions/A/IOAccelerator
0x00000001ab62b000 	/System/Library/Frameworks/CoreVideo.framework/Versions/A/CoreVideo
0x00000001aed7d000 	/System/Library/Frameworks/MetalPerformanceShaders.framework/Versions/A/MetalPerformanceShaders
0x00000001b0161000 	/System/Library/Frameworks/VideoToolbox.framework/Versions/A/VideoToolbox
0x00000001aa6d3000 	/System/Library/PrivateFrameworks/BaseBoard.framework/Versions/A/BaseBoard
0x00000001aa461000 	/System/Library/PrivateFrameworks/ProtocolBuffer.framework/Versions/A/ProtocolBuffer
0x00000001b069d000 	/System/Library/PrivateFrameworks/GPUWrangler.framework/Versions/A/GPUWrangler
0x00000001b067d000 	/System/Library/PrivateFrameworks/IOPresentment.framework/Versions/A/IOPresentment
0x00000001b06a5000 	/System/Library/PrivateFrameworks/DSExternalDisplay.framework/Versions/A/DSExternalDisplay
0x0000000205656000 	/System/Library/Frameworks/OpenGL.framework/Versions/A/Libraries/libCoreFSCache.dylib
0x000000020fe1c000 	/System/Library/PrivateFrameworks/GPUCompiler.framework/Versions/31001/Libraries/libGPUCompilerUtils.dylib
0x00000001b070b000 	/System/Library/PrivateFrameworks/CMCaptureCore.framework/Versions/A/CMCaptureCore
0x00000001afd09000 	/System/Library/PrivateFrameworks/AppServerSupport.framework/Versions/A/AppServerSupport
0x00000001b1f8f000 	/System/Library/PrivateFrameworks/perfdata.framework/Versions/A/perfdata
0x00000001a54e5000 	/System/Library/PrivateFrameworks/AudioToolboxCore.framework/Versions/A/AudioToolboxCore
0x00000001ac9d8000 	/System/Library/PrivateFrameworks/caulk.framework/Versions/A/caulk
0x00000001b1884000 	/usr/lib/libAudioStatistics.dylib
0x00000001c3883000 	/System/Library/PrivateFrameworks/SystemPolicy.framework/Versions/A/SystemPolicy
0x00000001b1af0000 	/usr/lib/libSMC.dylib
0x00000001ba83c000 	/System/Library/Frameworks/CoreMIDI.framework/Versions/A/CoreMIDI
0x00000001b05cc000 	/usr/lib/libAudioToolboxUtility.dylib
0x00000001bf9f3000 	/System/Library/PrivateFrameworks/OSAServicesClient.framework/Versions/A/OSAServicesClient
0x00000001b1f9c000 	/usr/lib/libperfcheck.dylib
0x00000001c439f000 	/usr/lib/libmis.dylib
0x00000002056b8000 	/System/Library/Frameworks/OpenGL.framework/Versions/A/Libraries/libGLU.dylib
0x0000000205677000 	/System/Library/Frameworks/OpenGL.framework/Versions/A/Libraries/libGFXShared.dylib
0x0000000205864000 	/System/Library/Frameworks/OpenGL.framework/Versions/A/Libraries/libGL.dylib
0x0000000205680000 	/System/Library/Frameworks/OpenGL.framework/Versions/A/Libraries/libGLImage.dylib
0x0000000205674000 	/System/Library/Frameworks/OpenGL.framework/Versions/A/Libraries/libCVMSPluginSupport.dylib
0x000000020565d000 	/System/Library/Frameworks/OpenGL.framework/Versions/A/Libraries/libCoreVMClient.dylib
0x00000001ad589000 	/System/Library/Frameworks/MetalPerformanceShaders.framework/Versions/A/Frameworks/MPSCore.framework/Versions/A/MPSCore
0x00000001ae72a000 	/System/Library/Frameworks/MetalPerformanceShaders.framework/Versions/A/Frameworks/MPSImage.framework/Versions/A/MPSImage
0x00000001ae219000 	/System/Library/Frameworks/MetalPerformanceShaders.framework/Versions/A/Frameworks/MPSNeuralNetwork.framework/Versions/A/MPSNeuralNetwork
0x00000001ae652000 	/System/Library/Frameworks/MetalPerformanceShaders.framework/Versions/A/Frameworks/MPSMatrix.framework/Versions/A/MPSMatrix
0x00000001ae42b000 	/System/Library/Frameworks/MetalPerformanceShaders.framework/Versions/A/Frameworks/MPSRayIntersector.framework/Versions/A/MPSRayIntersector
0x00000001ae683000 	/System/Library/Frameworks/MetalPerformanceShaders.framework/Versions/A/Frameworks/MPSNDArray.framework/Versions/A/MPSNDArray
0x0000000207a7f000 	/System/Library/Frameworks/MetalPerformanceShaders.framework/Versions/A/Frameworks/MPSFunctions.framework/Versions/A/MPSFunctions
0x00000001a4778000 	/System/Library/PrivateFrameworks/MetalTools.framework/Versions/A/MetalTools
0x00000001ad607000 	/System/Library/PrivateFrameworks/AggregateDictionary.framework/Versions/A/AggregateDictionary
0x00000001af53d000 	/usr/lib/libIOReport.dylib
0x00000001b9859000 	/System/Library/PrivateFrameworks/ASEProcessing.framework/Versions/A/ASEProcessing
0x00000001af8b2000 	/System/Library/PrivateFrameworks/FaceCore.framework/Versions/A/FaceCore
0x00000001af8a4000 	/System/Library/PrivateFrameworks/GraphVisualizer.framework/Versions/A/GraphVisualizer
0x000000020fd33000 	/System/Library/PrivateFrameworks/FontServices.framework/Versions/A/FontServices
0x00000001afcc5000 	/System/Library/PrivateFrameworks/OTSVG.framework/Versions/A/OTSVG
0x00000001ab1f5000 	/System/Library/Frameworks/ApplicationServices.framework/Versions/A/Frameworks/ATS.framework/Versions/A/Resources/libFontRegistry.dylib
0x00000001afd12000 	/System/Library/PrivateFrameworks/FontServices.framework/libhvf.dylib
0x000000020fd34000 	/System/Library/PrivateFrameworks/FontServices.framework/libXTFontStaticRegistryData.dylib
0x0000000205a05000 	/System/Library/Frameworks/OpenCL.framework/Versions/A/OpenCL
0x00000001af70c000 	/System/Library/PrivateFrameworks/AppleVA.framework/Versions/A/AppleVA
0x00000001b18ac000 	/System/Library/Frameworks/ApplicationServices.framework/Versions/A/Frameworks/ATS.framework/Versions/A/ATS
0x00000001a9c1e000 	/System/Library/Frameworks/ApplicationServices.framework/Versions/A/Frameworks/HIServices.framework/Versions/A/HIServices
0x00000001b0715000 	/System/Library/Frameworks/ApplicationServices.framework/Versions/A/Frameworks/PrintCore.framework/Versions/A/PrintCore
0x00000001b1c43000 	/System/Library/Frameworks/ApplicationServices.framework/Versions/A/Frameworks/QD.framework/Versions/A/QD
0x00000001b1c3b000 	/System/Library/Frameworks/ApplicationServices.framework/Versions/A/Frameworks/ColorSyncLegacy.framework/Versions/A/ColorSyncLegacy
0x00000001b1898000 	/System/Library/Frameworks/ApplicationServices.framework/Versions/A/Frameworks/SpeechSynthesis.framework/Versions/A/SpeechSynthesis
0x00000001b06d6000 	/System/Library/Frameworks/ApplicationServices.framework/Versions/A/Frameworks/ATSUI.framework/Versions/A/ATSUI
0x00000001b1bd0000 	/usr/lib/libcups.2.dylib
0x00000001b1faa000 	/System/Library/Frameworks/Kerberos.framework/Versions/A/Kerberos
0x00000001b1fbb000 	/System/Library/Frameworks/GSS.framework/Versions/A/GSS
0x00000001b191c000 	/usr/lib/libresolv.9.dylib
0x00000001afd21000 	/System/Library/PrivateFrameworks/Heimdal.framework/Versions/A/Heimdal
0x00000001b8a8f000 	/System/Library/Frameworks/Kerberos.framework/Versions/A/Libraries/libHeimdalProxy.dylib
0x00000001aa86d000 	/System/Library/Frameworks/Network.framework/Versions/A/Network
0x00000001af773000 	/usr/lib/libheimdal-asn1.dylib
0x00000001b200b000 	/System/Library/PrivateFrameworks/CommonAuth.framework/Versions/A/CommonAuth
0x00000001b1812000 	/System/Library/PrivateFrameworks/AudioSession.framework/Versions/A/AudioSession
0x00000001af805000 	/System/Library/PrivateFrameworks/MediaExperience.framework/Versions/A/MediaExperience
0x00000001b1698000 	/System/Library/PrivateFrameworks/AudioSession.framework/libSessionUtility.dylib
0x00000001b1c4f000 	/System/Library/PrivateFrameworks/AudioResourceArbitration.framework/Versions/A/AudioResourceArbitration
0x00000001b5e15000 	/System/Library/PrivateFrameworks/PowerLog.framework/Versions/A/PowerLog
0x00000001af77d000 	/System/Library/PrivateFrameworks/IconFoundation.framework/Versions/A/IconFoundation
0x00000001b4b5e000 	/System/Library/PrivateFrameworks/SpeechRecognitionCore.framework/Versions/A/SpeechRecognitionCore
0x0000000101728000 	/Library/Java/JavaVirtualMachines/jdk-17.0.4.jdk/Contents/Home/lib/server/libjvm.dylib
0x000000010052c000 	/Library/Java/JavaVirtualMachines/jdk-17.0.4.jdk/Contents/Home/lib/libjimage.dylib
0x0000000100558000 	/Library/Java/JavaVirtualMachines/jdk-17.0.4.jdk/Contents/Home/lib/libinstrument.dylib
0x00000001005a4000 	/Library/Java/JavaVirtualMachines/jdk-17.0.4.jdk/Contents/Home/lib/libjava.dylib
0x000000010111c000 	/Library/Java/JavaVirtualMachines/jdk-17.0.4.jdk/Contents/Home/lib/libnio.dylib
0x000000010113c000 	/Library/Java/JavaVirtualMachines/jdk-17.0.4.jdk/Contents/Home/lib/libnet.dylib
0x000000010058c000 	/Library/Java/JavaVirtualMachines/jdk-17.0.4.jdk/Contents/Home/lib/libzip.dylib
0x0000000101160000 	/Users/main/.openjfx/cache/17.0.1/libprism_es2.dylib
0x00000001a69c5000 	/System/Library/PrivateFrameworks/CoreServicesInternal.framework/Versions/A/CoreServicesInternal
0x000000020586e000 	/System/Library/Frameworks/OpenGL.framework/Versions/A/Resources/GLEngine.bundle/GLEngine
0x00000002056f6000 	/System/Library/Frameworks/OpenGL.framework/Versions/A/Libraries/libGLProgrammability.dylib
0x00000001014c0000 	/System/Library/Extensions/AppleMetalOpenGLRenderer.bundle/Contents/MacOS/AppleMetalOpenGLRenderer
0x00000002059dd000 	/System/Library/Frameworks/OpenGL.framework/Versions/A/Resources/GLRendererFloat.bundle/GLRendererFloat
0x0000000205add000 	/System/Library/Extensions/AGXMetal13_3.bundle/Contents/MacOS/AGXMetal13_3
0x00000001c43bb000 	/System/Library/PrivateFrameworks/GPURawCounter.framework/Versions/A/GPURawCounter
0x00000001beb5c000 	/System/Library/PrivateFrameworks/IOGPU.framework/Versions/A/IOGPU
0x0000000101440000 	/Users/main/.openjfx/cache/17.0.1/libglass.dylib
0x00000001b606d000 	/System/Library/Frameworks/FileProvider.framework/Versions/A/FileProvider
0x00000001aa63b000 	/System/Library/Frameworks/Accounts.framework/Versions/A/Accounts
0x00000001b61f1000 	/System/Library/PrivateFrameworks/GenerationalStorage.framework/Versions/A/GenerationalStorage
0x00000001b6db4000 	/System/Library/PrivateFrameworks/CoreSymbolication.framework/Versions/A/CoreSymbolication
0x00000001b5e09000 	/System/Library/PrivateFrameworks/SymptomDiagnosticReporter.framework/Versions/A/SymptomDiagnosticReporter
0x00000001a7cb5000 	/System/Library/PrivateFrameworks/DesktopServicesPriv.framework/Versions/A/DesktopServicesPriv
0x00000001a6b27000 	/usr/lib/libsandbox.1.dylib
0x00000001ab6b9000 	/System/Library/PrivateFrameworks/UserManagement.framework/Versions/A/UserManagement
0x00000001b6d71000 	/System/Library/PrivateFrameworks/DebugSymbols.framework/Versions/A/DebugSymbols
0x00000001b1c2e000 	/System/Library/PrivateFrameworks/NetAuth.framework/Versions/A/NetAuth
0x00000001b2b4f000 	/System/Library/PrivateFrameworks/Sharing.framework/Versions/A/Sharing
0x00000001ab689000 	/System/Library/PrivateFrameworks/login.framework/Versions/A/Frameworks/loginsupport.framework/Versions/A/loginsupport
0x00000001b7fa6000 	/System/Library/PrivateFrameworks/Apple80211.framework/Versions/A/Apple80211
0x00000001ae80e000 	/System/Library/PrivateFrameworks/AuthKit.framework/Versions/A/AuthKit
0x00000001ade96000 	/System/Library/PrivateFrameworks/CoreUtils.framework/Versions/A/CoreUtils
0x00000001addb9000 	/System/Library/Frameworks/CoreWLAN.framework/Versions/A/CoreWLAN
0x00000001b2cbf000 	/System/Library/Frameworks/IOBluetooth.framework/Versions/A/IOBluetooth
0x00000001b8006000 	/System/Library/PrivateFrameworks/CoreWiFi.framework/Versions/A/CoreWiFi
0x00000001b6951000 	/System/Library/PrivateFrameworks/FrontBoardServices.framework/Versions/A/FrontBoardServices
0x00000001b69e9000 	/System/Library/PrivateFrameworks/BoardServices.framework/Versions/A/BoardServices
0x00000001ae0a9000 	/System/Library/PrivateFrameworks/AssertionServices.framework/Versions/A/AssertionServices
0x00000001b8183000 	/System/Library/PrivateFrameworks/BackBoardServices.framework/Versions/A/BackBoardServices
0x00000001b20a2000 	/System/Library/PrivateFrameworks/CorePhoneNumbers.framework/Versions/A/CorePhoneNumbers
0x00000001b1949000 	/System/Library/PrivateFrameworks/MultiverseSupport.framework/Versions/A/MultiverseSupport
0x00000001b8404000 	/System/Library/PrivateFrameworks/RemoteServiceDiscovery.framework/Versions/A/RemoteServiceDiscovery
0x00000001b5f39000 	/System/Library/PrivateFrameworks/DiskManagement.framework/Versions/A/DiskManagement
0x00000001b5e3c000 	/System/Library/PrivateFrameworks/AppleIDAuthSupport.framework/Versions/A/AppleIDAuthSupport
0x000000020a2bb000 	/System/Library/PrivateFrameworks/AAAFoundation.framework/Versions/A/AAAFoundation
0x00000001b2081000 	/System/Library/PrivateFrameworks/KeychainCircle.framework/Versions/A/KeychainCircle
0x00000001b8414000 	/System/Library/PrivateFrameworks/RemoteXPC.framework/Versions/A/RemoteXPC
0x00000001b5f05000 	/System/Library/PrivateFrameworks/MediaKit.framework/Versions/A/MediaKit
0x00000001b5e49000 	/System/Library/Frameworks/DiscRecording.framework/Versions/A/DiscRecording
0x00000001af688000 	/usr/lib/libCoreStorage.dylib
0x00000001b8480000 	/usr/lib/libcsfde.dylib
0x00000001b2d94000 	/System/Library/PrivateFrameworks/ProtectedCloudStorage.framework/Versions/A/ProtectedCloudStorage
0x00000001b8478000 	/System/Library/PrivateFrameworks/EFILogin.framework/Versions/A/EFILogin
0x00000001b6218000 	/System/Library/PrivateFrameworks/OctagonTrust.framework/Versions/A/OctagonTrust
0x000000020eeba000 	/System/Library/PrivateFrameworks/CoreUtilsExtras.framework/Versions/A/CoreUtilsExtras
0x00000001b5d6e000 	/System/Library/Frameworks/CoreBluetooth.framework/Versions/A/CoreBluetooth
0x00000001b8b14000 	/System/Library/Frameworks/AudioUnit.framework/Versions/A/AudioUnit
0x00000001af680000 	/usr/lib/libMatch.1.dylib
0x00000001c88a1000 	/System/Library/Frameworks/Accelerate.framework/Versions/A/Frameworks/vImage.framework/Versions/A/Libraries/libCGInterfaces.dylib
0x0000000123fcc000 	/usr/lib/libobjc-trampolines.dylib
0x00000001ab383000 	/System/Library/PrivateFrameworks/ViewBridge.framework/Versions/A/ViewBridge
0x0000000132d1c000 	/Users/main/.openjfx/cache/17.0.1/libjavafx_font.dylib
0x00000001afde4000 	/System/Library/PrivateFrameworks/login.framework/Versions/A/login
0x0000000223489000 	/usr/lib/libRosetta.dylib


VM Arguments:
jvm_args: -javaagent:/Applications/IntelliJ IDEA CE.app/Contents/lib/idea_rt.jar=63150:/Applications/IntelliJ IDEA CE.app/Contents/bin -Dfile.encoding=UTF-8 --module-path=/Users/main/.m2/repository/org/openjfx/javafx-controls/17.0.1/javafx-controls-17.0.1-mac-aarch64.jar:/Users/main/.m2/repository/org/openjfx/javafx-graphics/17.0.1/javafx-graphics-17.0.1-mac-aarch64.jar:/Users/main/.m2/repository/org/openjfx/javafx-fxml/17.0.1/javafx-fxml-17.0.1-mac-aarch64.jar:/Users/main/Desktop/college-stuff/appointmentmanager/target/classes:/Users/main/.m2/repository/org/openjfx/javafx-base/17.0.1/javafx-base-17.0.1-mac-aarch64.jar -Djdk.module.main=com.darrenfinch.appointmentmanager 
java_command: com.darrenfinch.appointmentmanager/com.darrenfinch.appointmentmanager.Application
java_class_path (initial): /Users/main/.m2/repository/org/openjfx/javafx-controls/17.0.1/javafx-controls-17.0.1.jar:/Users/main/.m2/repository/org/openjfx/javafx-graphics/17.0.1/javafx-graphics-17.0.1.jar:/Users/main/.m2/repository/org/openjfx/javafx-base/17.0.1/javafx-base-17.0.1.jar:/Users/main/.m2/repository/org/openjfx/javafx-fxml/17.0.1/javafx-fxml-17.0.1.jar
Launcher Type: SUN_STANDARD

[Global flags]
     intx CICompilerCount                          = 4                                         {product} {ergonomic}
     uint ConcGCThreads                            = 2                                         {product} {ergonomic}
     uint G1ConcRefinementThreads                  = 8                                         {product} {ergonomic}
   size_t G1HeapRegionSize                         = 2097152                                   {product} {ergonomic}
    uintx GCDrainStackTargetSize                   = 64                                        {product} {ergonomic}
   size_t InitialHeapSize                          = 268435456                                 {product} {ergonomic}
   size_t MarkStackSize                            = 4194304                                   {product} {ergonomic}
   size_t MaxHeapSize                              = 4294967296                                {product} {ergonomic}
   size_t MaxNewSize                               = 2575302656                                {product} {ergonomic}
   size_t MinHeapDeltaBytes                        = 2097152                                   {product} {ergonomic}
   size_t MinHeapSize                              = 8388608                                   {product} {ergonomic}
    uintx NonNMethodCodeHeapSize                   = 5839564                                {pd product} {ergonomic}
    uintx NonProfiledCodeHeapSize                  = 122909338                              {pd product} {ergonomic}
    uintx ProfiledCodeHeapSize                     = 122909338                              {pd product} {ergonomic}
    uintx ReservedCodeCacheSize                    = 251658240                              {pd product} {ergonomic}
     bool SegmentedCodeCache                       = true                                      {product} {ergonomic}
   size_t SoftMaxHeapSize                          = 4294967296                             {manageable} {ergonomic}
     bool UseCompressedClassPointers               = true                           {product lp64_product} {ergonomic}
     bool UseCompressedOops                        = true                           {product lp64_product} {ergonomic}
     bool UseG1GC                                  = true                                      {product} {ergonomic}
     bool UseNUMA                                  = false                                     {product} {ergonomic}
     bool UseNUMAInterleaving                      = false                                     {product} {ergonomic}

Logging:
Log output configuration:
 #0: stdout all=warning uptime,level,tags
 #1: stderr all=off uptime,level,tags

Environment Variables:
PATH=/opt/homebrew/bin:/opt/homebrew/sbin:/usr/local/bin:/usr/bin:/bin:/usr/sbin:/sbin:/Library/Apple/usr/bin
SHELL=/bin/zsh
LC_CTYPE=en_US.UTF-8

Signal Handlers:
   SIGSEGV: _ZL13crash_handleriP9__siginfoPv in libjvm.dylib, mask=11100110000111110111111111111111, flags=SA_RESTART|SA_SIGINFO
    SIGBUS: _ZL13crash_handleriP9__siginfoPv in libjvm.dylib, mask=11100110000111110111111111111111, flags=SA_RESTART|SA_SIGINFO
    SIGFPE: _ZL13crash_handleriP9__siginfoPv in libjvm.dylib, mask=11100110000111110111111111111111, flags=SA_RESTART|SA_SIGINFO
   SIGPIPE: _ZL17javaSignalHandleriP9__siginfoPv in libjvm.dylib, mask=11100110000111110111111111111111, flags=SA_RESTART|SA_SIGINFO
   SIGXFSZ: _ZL17javaSignalHandleriP9__siginfoPv in libjvm.dylib, mask=11100110000111110111111111111111, flags=SA_RESTART|SA_SIGINFO
    SIGILL: _ZL13crash_handleriP9__siginfoPv in libjvm.dylib, mask=11100110000111110111111111111111, flags=SA_RESTART|SA_SIGINFO
   SIGUSR2: _ZL10SR_handleriP9__siginfoP17__darwin_ucontext in libjvm.dylib, mask=00100000000000000000000000000000, flags=SA_RESTART|SA_SIGINFO
    SIGHUP: _ZL11UserHandleriPvS_ in libjvm.dylib, mask=11100110000111110111111111111111, flags=SA_RESTART|SA_SIGINFO
    SIGINT: _ZL11UserHandleriPvS_ in libjvm.dylib, mask=11100110000111110111111111111111, flags=SA_RESTART|SA_SIGINFO
   SIGTERM: _ZL11UserHandleriPvS_ in libjvm.dylib, mask=11100110000111110111111111111111, flags=SA_RESTART|SA_SIGINFO
   SIGQUIT: _ZL11UserHandleriPvS_ in libjvm.dylib, mask=11100110000111110111111111111111, flags=SA_RESTART|SA_SIGINFO
   SIGTRAP: _ZL13crash_handleriP9__siginfoPv in libjvm.dylib, mask=11100110000111110111111111111111, flags=SA_RESTART|SA_SIGINFO


---------------  S Y S T E M  ---------------

OS:
uname: Darwin 21.5.0 Darwin Kernel Version 21.5.0: Tue Apr 26 21:08:29 PDT 2022; root:xnu-8020.121.3~4/RELEASE_ARM64_T8101 arm64
OS uptime: 3 days 0:25 hours
rlimit (soft/hard): STACK 8176k/65520k , CORE 0k/infinity , NPROC 2666/4000 , NOFILE 10240/infinity , AS infinity/infinity , CPU infinity/infinity , DATA infinity/infinity , FSIZE infinity/infinity , MEMLOCK infinity/infinity , RSS infinity/infinity
load average: 1.38 1.76 2.16

CPU: total 8 (initial active 8) 0x61:0x0:0x1b588bb3:0, fp, simd, crc, lse

Memory: 16k page, physical 16777216k(88400k free), swap 1048576k(1023232k free)

vm_info: Java HotSpot(TM) 64-Bit Server VM (17.0.4+11-LTS-179) for bsd-aarch64 JRE (17.0.4+11-LTS-179), built on Jun 28 2022 07:36:09 by "mach5one" with clang Apple LLVM 12.0.0 (clang-1200.0.32.29)

END.
